RUN	org.springframework.samples.petclinic.gatling.simulations.VetsCustomers	vetscustomers	1716295999347	 	3.10.5
USER	Owner Usage Scenario	START	1716295999965
USER	Vets Usage Scenario	START	1716295999965
REQUEST		owners	1716295999962	1716295999966	KO	j.n.ConnectException: Connection refused
REQUEST		vets	1716295999962	1716295999966	KO	j.n.ConnectException: Connection refused
USER	Vets Usage Scenario	END	1716295999969
USER	Owner Usage Scenario	END	1716295999969
USER	Owner Usage Scenario	START	1716296000046
USER	Vets Usage Scenario	START	1716296000047
REQUEST		owners	1716296000046	1716296000047	KO	j.n.ConnectException: Connection refused
USER	Owner Usage Scenario	END	1716296000047
REQUEST		vets	1716296000047	1716296000047	KO	j.n.ConnectException: Connection refused
USER	Vets Usage Scenario	END	1716296000048
USER	Owner Usage Scenario	START	1716296000148
USER	Vets Usage Scenario	START	1716296000148
REQUEST		owners	1716296000146	1716296000150	KO	j.n.ConnectException: Connection refused
REQUEST		vets	1716296000147	1716296000150	KO	j.n.ConnectException: Connection refused
USER	Vets Usage Scenario	END	1716296000151
USER	Owner Usage Scenario	END	1716296000151
USER	Owner Usage Scenario	START	1716296000248
USER	Vets Usage Scenario	START	1716296000248
REQUEST		vets	1716296000247	1716296000249	KO	j.n.ConnectException: Connection refused
REQUEST		owners	1716296000247	1716296000249	KO	j.n.ConnectException: Connection refused
USER	Owner Usage Scenario	END	1716296000249
USER	Vets Usage Scenario	END	1716296000249
USER	Owner Usage Scenario	START	1716296000348
USER	Vets Usage Scenario	START	1716296000351
REQUEST		owners	1716296000347	1716296000352	KO	j.n.ConnectException: Connection refused
USER	Owner Usage Scenario	END	1716296000352
REQUEST		vets	1716296000349	1716296000354	KO	j.n.ConnectException: Connection refused
USER	Vets Usage Scenario	END	1716296000354
USER	Owner Usage Scenario	START	1716296000448
USER	Vets Usage Scenario	START	1716296000449
REQUEST		owners	1716296000447	1716296000449	KO	j.n.ConnectException: Connection refused
USER	Owner Usage Scenario	END	1716296000449
REQUEST		vets	1716296000449	1716296000450	KO	j.n.ConnectException: Connection refused
USER	Vets Usage Scenario	END	1716296000450
USER	Owner Usage Scenario	START	1716296000548
USER	Vets Usage Scenario	START	1716296000549
REQUEST		owners	1716296000547	1716296000551	KO	j.n.ConnectException: Connection refused
REQUEST		vets	1716296000548	1716296000551	KO	j.n.ConnectException: Connection refused
USER	Vets Usage Scenario	END	1716296000552
USER	Owner Usage Scenario	END	1716296000552
USER	Vets Usage Scenario	START	1716296000649
USER	Owner Usage Scenario	START	1716296000650
REQUEST		owners	1716296000647	1716296000652	KO	j.n.ConnectException: Connection refused
REQUEST		vets	1716296000648	1716296000652	KO	j.n.ConnectException: Connection refused
USER	Owner Usage Scenario	END	1716296000653
USER	Vets Usage Scenario	END	1716296000653
USER	Owner Usage Scenario	START	1716296000748
USER	Vets Usage Scenario	START	1716296000749
REQUEST		owners	1716296000747	1716296000751	KO	j.n.ConnectException: Connection refused
REQUEST		vets	1716296000749	1716296000751	KO	j.n.ConnectException: Connection refused
USER	Owner Usage Scenario	END	1716296000752
USER	Vets Usage Scenario	END	1716296000752
USER	Owner Usage Scenario	START	1716296000848
REQUEST		owners	1716296000847	1716296000849	KO	j.n.ConnectException: Connection refused
USER	Vets Usage Scenario	START	1716296000849
USER	Owner Usage Scenario	END	1716296000849
REQUEST		vets	1716296000849	1716296000850	KO	j.n.ConnectException: Connection refused
USER	Vets Usage Scenario	END	1716296000851
USER	Owner Usage Scenario	START	1716296000948
USER	Vets Usage Scenario	START	1716296000948
REQUEST		vets	1716296000948	1716296000950	KO	j.n.ConnectException: Connection refused
REQUEST		owners	1716296000947	1716296000950	KO	j.n.ConnectException: Connection refused
USER	Owner Usage Scenario	END	1716296000950
USER	Vets Usage Scenario	END	1716296000951
USER	Owner Usage Scenario	START	1716296001048
USER	Vets Usage Scenario	START	1716296001049
REQUEST		vets	1716296001048	1716296001050	KO	j.n.ConnectException: Connection refused
REQUEST		owners	1716296001047	1716296001050	KO	j.n.ConnectException: Connection refused
USER	Vets Usage Scenario	END	1716296001051
USER	Owner Usage Scenario	END	1716296001051
USER	Owner Usage Scenario	START	1716296001150
USER	Vets Usage Scenario	START	1716296001150
REQUEST		owners	1716296001148	1716296001154	KO	j.n.ConnectException: Connection refused
REQUEST		vets	1716296001149	1716296001153	KO	j.n.ConnectException: Connection refused
USER	Owner Usage Scenario	END	1716296001155
USER	Vets Usage Scenario	END	1716296001155
USER	Owner Usage Scenario	START	1716296001248
REQUEST		owners	1716296001247	1716296001249	KO	j.n.ConnectException: Connection refused
USER	Vets Usage Scenario	START	1716296001250
USER	Owner Usage Scenario	END	1716296001251
REQUEST		vets	1716296001249	1716296001252	KO	j.n.ConnectException: Connection refused
USER	Vets Usage Scenario	END	1716296001253
USER	Owner Usage Scenario	START	1716296001349
USER	Vets Usage Scenario	START	1716296001349
REQUEST		vets	1716296001349	1716296001350	KO	j.n.ConnectException: Connection refused
REQUEST		owners	1716296001348	1716296001350	KO	j.n.ConnectException: Connection refused
USER	Vets Usage Scenario	END	1716296001351
USER	Owner Usage Scenario	END	1716296001351
USER	Owner Usage Scenario	START	1716296001449
USER	Vets Usage Scenario	START	1716296001450
REQUEST		vets	1716296001449	1716296001451	KO	j.n.ConnectException: Connection refused
REQUEST		owners	1716296001447	1716296001452	KO	j.n.ConnectException: Connection refused
USER	Vets Usage Scenario	END	1716296001454
USER	Owner Usage Scenario	END	1716296001454
USER	Owner Usage Scenario	START	1716296001549
USER	Vets Usage Scenario	START	1716296001549
REQUEST		owners	1716296001547	1716296001551	KO	j.n.ConnectException: Connection refused
REQUEST		vets	1716296001548	1716296001551	KO	j.n.ConnectException: Connection refused
USER	Owner Usage Scenario	END	1716296001552
USER	Vets Usage Scenario	END	1716296001552
USER	Owner Usage Scenario	START	1716296001648
USER	Vets Usage Scenario	START	1716296001649
REQUEST		owners	1716296001647	1716296001649	KO	j.n.ConnectException: Connection refused
USER	Owner Usage Scenario	END	1716296001650
REQUEST		vets	1716296001649	1716296001650	KO	j.n.ConnectException: Connection refused
USER	Vets Usage Scenario	END	1716296001651
USER	Owner Usage Scenario	START	1716296001749
USER	Vets Usage Scenario	START	1716296001749
REQUEST		owners	1716296001748	1716296001750	KO	j.n.ConnectException: Connection refused
USER	Owner Usage Scenario	END	1716296001750
REQUEST		vets	1716296001749	1716296001750	KO	j.n.ConnectException: Connection refused
USER	Vets Usage Scenario	END	1716296001750
USER	Owner Usage Scenario	START	1716296001848
REQUEST		owners	1716296001847	1716296001849	KO	j.n.ConnectException: Connection refused
USER	Vets Usage Scenario	START	1716296001849
USER	Owner Usage Scenario	END	1716296001850
REQUEST		vets	1716296001849	1716296001851	KO	j.n.ConnectException: Connection refused
USER	Vets Usage Scenario	END	1716296001851
USER	Owner Usage Scenario	START	1716296001947
REQUEST		owners	1716296001947	1716296001948	KO	j.n.ConnectException: Connection refused
USER	Owner Usage Scenario	END	1716296001949
USER	Vets Usage Scenario	START	1716296001949
REQUEST		vets	1716296001949	1716296001950	KO	j.n.ConnectException: Connection refused
USER	Vets Usage Scenario	END	1716296001950
USER	Owner Usage Scenario	START	1716296002047
USER	Vets Usage Scenario	START	1716296002047
REQUEST		vets	1716296002046	1716296002048	KO	j.n.ConnectException: Connection refused
REQUEST		owners	1716296002046	1716296002048	KO	j.n.ConnectException: Connection refused
USER	Vets Usage Scenario	END	1716296002048
USER	Owner Usage Scenario	END	1716296002049
USER	Vets Usage Scenario	START	1716296002147
USER	Owner Usage Scenario	START	1716296002147
REQUEST		vets	1716296002146	1716296002148	KO	j.n.ConnectException: Connection refused
REQUEST		owners	1716296002146	1716296002148	KO	j.n.ConnectException: Connection refused
USER	Owner Usage Scenario	END	1716296002149
USER	Vets Usage Scenario	END	1716296002149
USER	Owner Usage Scenario	START	1716296002247
USER	Vets Usage Scenario	START	1716296002247
REQUEST		vets	1716296002246	1716296002249	KO	j.n.ConnectException: Connection refused
REQUEST		owners	1716296002246	1716296002249	KO	j.n.ConnectException: Connection refused
USER	Owner Usage Scenario	END	1716296002249
USER	Vets Usage Scenario	END	1716296002249
USER	Vets Usage Scenario	START	1716296002348
USER	Owner Usage Scenario	START	1716296002348
REQUEST		vets	1716296002347	1716296002350	KO	j.n.ConnectException: Connection refused
REQUEST		owners	1716296002347	1716296002350	KO	j.n.ConnectException: Connection refused
USER	Vets Usage Scenario	END	1716296002351
USER	Owner Usage Scenario	END	1716296002351
USER	Vets Usage Scenario	START	1716296002448
USER	Owner Usage Scenario	START	1716296002448
REQUEST		vets	1716296002446	1716296002450	KO	j.n.ConnectException: Connection refused
REQUEST		owners	1716296002447	1716296002450	KO	j.n.ConnectException: Connection refused
USER	Owner Usage Scenario	END	1716296002450
USER	Vets Usage Scenario	END	1716296002450
USER	Owner Usage Scenario	START	1716296002548
USER	Vets Usage Scenario	START	1716296002548
REQUEST		owners	1716296002547	1716296002550	KO	j.n.ConnectException: Connection refused
REQUEST		vets	1716296002547	1716296002550	KO	j.n.ConnectException: Connection refused
USER	Vets Usage Scenario	END	1716296002551
USER	Owner Usage Scenario	END	1716296002551
USER	Vets Usage Scenario	START	1716296002649
USER	Owner Usage Scenario	START	1716296002649
REQUEST		vets	1716296002647	1716296002651	KO	j.n.ConnectException: Connection refused
REQUEST		owners	1716296002647	1716296002651	KO	j.n.ConnectException: Connection refused
USER	Vets Usage Scenario	END	1716296002653
USER	Owner Usage Scenario	END	1716296002653
USER	Owner Usage Scenario	START	1716296002749
USER	Vets Usage Scenario	START	1716296002749
REQUEST		owners	1716296002748	1716296002751	KO	j.n.ConnectException: Connection refused
REQUEST		vets	1716296002748	1716296002751	KO	j.n.ConnectException: Connection refused
USER	Vets Usage Scenario	END	1716296002752
USER	Owner Usage Scenario	END	1716296002752
USER	Vets Usage Scenario	START	1716296002849
USER	Owner Usage Scenario	START	1716296002849
REQUEST		vets	1716296002847	1716296002851	KO	j.n.ConnectException: Connection refused
REQUEST		owners	1716296002847	1716296002850	KO	j.n.ConnectException: Connection refused
USER	Vets Usage Scenario	END	1716296002851
USER	Owner Usage Scenario	END	1716296002851
USER	Owner Usage Scenario	START	1716296002949
USER	Vets Usage Scenario	START	1716296002949
REQUEST		vets	1716296002947	1716296002951	KO	j.n.ConnectException: Connection refused
REQUEST		owners	1716296002947	1716296002951	KO	j.n.ConnectException: Connection refused
USER	Vets Usage Scenario	END	1716296002951
USER	Owner Usage Scenario	END	1716296002951
USER	Vets Usage Scenario	START	1716296003047
USER	Owner Usage Scenario	START	1716296003047
REQUEST		vets	1716296003046	1716296003049	KO	j.n.ConnectException: Connection refused
REQUEST		owners	1716296003046	1716296003049	KO	j.n.ConnectException: Connection refused
USER	Vets Usage Scenario	END	1716296003050
USER	Owner Usage Scenario	END	1716296003050
USER	Vets Usage Scenario	START	1716296003147
USER	Owner Usage Scenario	START	1716296003147
REQUEST		owners	1716296003146	1716296003149	KO	j.n.ConnectException: Connection refused
REQUEST		vets	1716296003146	1716296003150	KO	j.n.ConnectException: Connection refused
USER	Owner Usage Scenario	END	1716296003150
USER	Vets Usage Scenario	END	1716296003150
USER	Owner Usage Scenario	START	1716296003248
USER	Vets Usage Scenario	START	1716296003248
REQUEST		owners	1716296003246	1716296003250	KO	j.n.ConnectException: Connection refused
REQUEST		vets	1716296003246	1716296003250	KO	j.n.ConnectException: Connection refused
USER	Owner Usage Scenario	END	1716296003250
USER	Vets Usage Scenario	END	1716296003250
USER	Owner Usage Scenario	START	1716296003348
USER	Vets Usage Scenario	START	1716296003348
REQUEST		owners	1716296003346	1716296003349	KO	j.n.ConnectException: Connection refused
REQUEST		vets	1716296003347	1716296003349	KO	j.n.ConnectException: Connection refused
USER	Vets Usage Scenario	END	1716296003350
USER	Owner Usage Scenario	END	1716296003350
USER	Vets Usage Scenario	START	1716296003447
USER	Owner Usage Scenario	START	1716296003447
REQUEST		owners	1716296003446	1716296003449	KO	j.n.ConnectException: Connection refused
REQUEST		vets	1716296003446	1716296003449	KO	j.n.ConnectException: Connection refused
USER	Owner Usage Scenario	END	1716296003449
USER	Vets Usage Scenario	END	1716296003449
USER	Owner Usage Scenario	START	1716296003548
USER	Vets Usage Scenario	START	1716296003548
REQUEST		vets	1716296003546	1716296003549	KO	j.n.ConnectException: Connection refused
REQUEST		owners	1716296003546	1716296003549	KO	j.n.ConnectException: Connection refused
USER	Vets Usage Scenario	END	1716296003550
USER	Owner Usage Scenario	END	1716296003550
USER	Owner Usage Scenario	START	1716296003648
USER	Vets Usage Scenario	START	1716296003648
REQUEST		owners	1716296003647	1716296003650	KO	j.n.ConnectException: Connection refused
REQUEST		vets	1716296003647	1716296003650	KO	j.n.ConnectException: Connection refused
USER	Vets Usage Scenario	END	1716296003651
USER	Owner Usage Scenario	END	1716296003651
USER	Vets Usage Scenario	START	1716296003748
USER	Owner Usage Scenario	START	1716296003748
REQUEST		vets	1716296003747	1716296003749	KO	j.n.ConnectException: Connection refused
REQUEST		owners	1716296003746	1716296003749	KO	j.n.ConnectException: Connection refused
USER	Vets Usage Scenario	END	1716296003750
USER	Owner Usage Scenario	END	1716296003750
USER	Vets Usage Scenario	START	1716296003848
USER	Owner Usage Scenario	START	1716296003848
REQUEST		vets	1716296003847	1716296003849	KO	j.n.ConnectException: Connection refused
REQUEST		owners	1716296003847	1716296003849	KO	j.n.ConnectException: Connection refused
USER	Vets Usage Scenario	END	1716296003849
USER	Owner Usage Scenario	END	1716296003849
USER	Vets Usage Scenario	START	1716296003949
USER	Owner Usage Scenario	START	1716296003949
REQUEST		vets	1716296003948	1716296003950	KO	j.n.ConnectException: Connection refused
REQUEST		owners	1716296003947	1716296003950	KO	j.n.ConnectException: Connection refused
USER	Owner Usage Scenario	END	1716296003951
USER	Vets Usage Scenario	END	1716296003951
USER	Owner Usage Scenario	START	1716296004047
USER	Vets Usage Scenario	START	1716296004047
REQUEST		owners	1716296004046	1716296004048	KO	j.n.ConnectException: Connection refused
REQUEST		vets	1716296004046	1716296004048	KO	j.n.ConnectException: Connection refused
USER	Vets Usage Scenario	END	1716296004048
USER	Owner Usage Scenario	END	1716296004048
USER	Vets Usage Scenario	START	1716296004148
USER	Owner Usage Scenario	START	1716296004148
REQUEST		vets	1716296004146	1716296004149	KO	j.n.ConnectException: Connection refused
REQUEST		owners	1716296004146	1716296004149	KO	j.n.ConnectException: Connection refused
USER	Vets Usage Scenario	END	1716296004150
USER	Owner Usage Scenario	END	1716296004150
USER	Owner Usage Scenario	START	1716296004247
USER	Vets Usage Scenario	START	1716296004247
REQUEST		vets	1716296004246	1716296004249	KO	j.n.ConnectException: Connection refused
REQUEST		owners	1716296004246	1716296004249	KO	j.n.ConnectException: Connection refused
USER	Vets Usage Scenario	END	1716296004249
USER	Owner Usage Scenario	END	1716296004249
USER	Vets Usage Scenario	START	1716296004348
USER	Owner Usage Scenario	START	1716296004348
REQUEST		vets	1716296004347	1716296004350	KO	j.n.ConnectException: Connection refused
REQUEST		owners	1716296004347	1716296004350	KO	j.n.ConnectException: Connection refused
USER	Owner Usage Scenario	END	1716296004350
USER	Vets Usage Scenario	END	1716296004350
USER	Vets Usage Scenario	START	1716296004448
USER	Owner Usage Scenario	START	1716296004448
REQUEST		owners	1716296004447	1716296004450	KO	j.n.ConnectException: Connection refused
REQUEST		vets	1716296004447	1716296004450	KO	j.n.ConnectException: Connection refused
USER	Vets Usage Scenario	END	1716296004451
USER	Owner Usage Scenario	END	1716296004451
USER	Owner Usage Scenario	START	1716296004548
USER	Vets Usage Scenario	START	1716296004548
REQUEST		vets	1716296004547	1716296004550	KO	j.n.ConnectException: Connection refused
REQUEST		owners	1716296004547	1716296004550	KO	j.n.ConnectException: Connection refused
USER	Vets Usage Scenario	END	1716296004550
USER	Owner Usage Scenario	END	1716296004550
USER	Vets Usage Scenario	START	1716296004648
USER	Owner Usage Scenario	START	1716296004648
REQUEST		vets	1716296004647	1716296004649	KO	j.n.ConnectException: Connection refused
REQUEST		owners	1716296004647	1716296004649	KO	j.n.ConnectException: Connection refused
USER	Owner Usage Scenario	END	1716296004650
USER	Vets Usage Scenario	END	1716296004650
USER	Owner Usage Scenario	START	1716296004747
USER	Vets Usage Scenario	START	1716296004747
REQUEST		vets	1716296004747	1716296004750	KO	j.n.ConnectException: Connection refused
REQUEST		owners	1716296004746	1716296004750	KO	j.n.ConnectException: Connection refused
USER	Vets Usage Scenario	END	1716296004750
USER	Owner Usage Scenario	END	1716296004750
USER	Vets Usage Scenario	START	1716296004847
USER	Owner Usage Scenario	START	1716296004847
REQUEST		vets	1716296004846	1716296004849	KO	j.n.ConnectException: Connection refused
REQUEST		owners	1716296004846	1716296004849	KO	j.n.ConnectException: Connection refused
USER	Owner Usage Scenario	END	1716296004849
USER	Vets Usage Scenario	END	1716296004849
USER	Vets Usage Scenario	START	1716296004949
USER	Owner Usage Scenario	START	1716296004949
REQUEST		vets	1716296004947	1716296004950	KO	j.n.ConnectException: Connection refused
REQUEST		owners	1716296004947	1716296004951	KO	j.n.ConnectException: Connection refused
USER	Vets Usage Scenario	END	1716296004951
USER	Owner Usage Scenario	END	1716296004951
USER	Vets Usage Scenario	START	1716296005048
USER	Owner Usage Scenario	START	1716296005048
REQUEST		vets	1716296005046	1716296005049	KO	j.n.ConnectException: Connection refused
REQUEST		owners	1716296005046	1716296005049	KO	j.n.ConnectException: Connection refused
USER	Vets Usage Scenario	END	1716296005050
USER	Owner Usage Scenario	END	1716296005050
USER	Owner Usage Scenario	START	1716296005148
USER	Vets Usage Scenario	START	1716296005148
REQUEST		owners	1716296005146	1716296005149	KO	j.n.ConnectException: Connection refused
REQUEST		vets	1716296005146	1716296005149	KO	j.n.ConnectException: Connection refused
USER	Owner Usage Scenario	END	1716296005150
USER	Vets Usage Scenario	END	1716296005150
USER	Vets Usage Scenario	START	1716296005247
USER	Owner Usage Scenario	START	1716296005247
REQUEST		vets	1716296005246	1716296005249	KO	j.n.ConnectException: Connection refused
REQUEST		owners	1716296005246	1716296005249	KO	j.n.ConnectException: Connection refused
USER	Vets Usage Scenario	END	1716296005249
USER	Owner Usage Scenario	END	1716296005249
USER	Vets Usage Scenario	START	1716296005352
USER	Owner Usage Scenario	START	1716296005354
REQUEST		vets	1716296005346	1716296005355	KO	j.n.ConnectException: Connection refused
REQUEST		owners	1716296005346	1716296005355	KO	j.n.ConnectException: Connection refused
USER	Owner Usage Scenario	END	1716296005356
USER	Vets Usage Scenario	END	1716296005356
USER	Owner Usage Scenario	START	1716296005447
USER	Vets Usage Scenario	START	1716296005447
REQUEST		vets	1716296005446	1716296005449	KO	j.n.ConnectException: Connection refused
REQUEST		owners	1716296005446	1716296005449	KO	j.n.ConnectException: Connection refused
USER	Vets Usage Scenario	END	1716296005449
USER	Owner Usage Scenario	END	1716296005449
USER	Owner Usage Scenario	START	1716296005548
USER	Vets Usage Scenario	START	1716296005548
REQUEST		owners	1716296005547	1716296005550	KO	j.n.ConnectException: Connection refused
REQUEST		vets	1716296005547	1716296005550	KO	j.n.ConnectException: Connection refused
USER	Owner Usage Scenario	END	1716296005550
USER	Vets Usage Scenario	END	1716296005550
USER	Owner Usage Scenario	START	1716296005648
USER	Vets Usage Scenario	START	1716296005648
REQUEST		owners	1716296005646	1716296005649	KO	j.n.ConnectException: Connection refused
REQUEST		vets	1716296005646	1716296005649	KO	j.n.ConnectException: Connection refused
USER	Vets Usage Scenario	END	1716296005650
USER	Owner Usage Scenario	END	1716296005650
USER	Owner Usage Scenario	START	1716296005748
USER	Vets Usage Scenario	START	1716296005748
REQUEST		vets	1716296005746	1716296005749	KO	j.n.ConnectException: Connection refused
REQUEST		owners	1716296005746	1716296005749	KO	j.n.ConnectException: Connection refused
USER	Owner Usage Scenario	END	1716296005750
USER	Vets Usage Scenario	END	1716296005750
USER	Vets Usage Scenario	START	1716296005848
USER	Owner Usage Scenario	START	1716296005848
REQUEST		vets	1716296005847	1716296005849	KO	j.n.ConnectException: Connection refused
REQUEST		owners	1716296005847	1716296005849	KO	j.n.ConnectException: Connection refused
USER	Vets Usage Scenario	END	1716296005849
USER	Owner Usage Scenario	END	1716296005849
USER	Owner Usage Scenario	START	1716296005947
USER	Vets Usage Scenario	START	1716296005947
REQUEST		vets	1716296005946	1716296005948	KO	j.n.ConnectException: Connection refused
REQUEST		owners	1716296005946	1716296005948	KO	j.n.ConnectException: Connection refused
USER	Vets Usage Scenario	END	1716296005949
USER	Owner Usage Scenario	END	1716296005949
USER	Owner Usage Scenario	START	1716296006046
USER	Vets Usage Scenario	START	1716296006046
REQUEST		owners	1716296006045	1716296006048	KO	j.n.ConnectException: Connection refused
REQUEST		vets	1716296006045	1716296006048	KO	j.n.ConnectException: Connection refused
USER	Vets Usage Scenario	END	1716296006048
USER	Owner Usage Scenario	END	1716296006048
USER	Owner Usage Scenario	START	1716296006147
USER	Vets Usage Scenario	START	1716296006147
REQUEST		owners	1716296006146	1716296006149	KO	j.n.ConnectException: Connection refused
REQUEST		vets	1716296006146	1716296006149	KO	j.n.ConnectException: Connection refused
USER	Vets Usage Scenario	END	1716296006149
USER	Owner Usage Scenario	END	1716296006149
USER	Owner Usage Scenario	START	1716296006247
USER	Vets Usage Scenario	START	1716296006247
REQUEST		owners	1716296006246	1716296006248	KO	j.n.ConnectException: Connection refused
REQUEST		vets	1716296006246	1716296006248	KO	j.n.ConnectException: Connection refused
USER	Vets Usage Scenario	END	1716296006249
USER	Owner Usage Scenario	END	1716296006249
USER	Owner Usage Scenario	START	1716296006347
USER	Vets Usage Scenario	START	1716296006347
REQUEST		owners	1716296006346	1716296006349	KO	j.n.ConnectException: Connection refused
REQUEST		vets	1716296006346	1716296006349	KO	j.n.ConnectException: Connection refused
USER	Vets Usage Scenario	END	1716296006349
USER	Owner Usage Scenario	END	1716296006349
USER	Owner Usage Scenario	START	1716296006447
USER	Vets Usage Scenario	START	1716296006447
REQUEST		vets	1716296006446	1716296006448	KO	j.n.ConnectException: Connection refused
REQUEST		owners	1716296006446	1716296006448	KO	j.n.ConnectException: Connection refused
USER	Vets Usage Scenario	END	1716296006449
USER	Owner Usage Scenario	END	1716296006449
USER	Owner Usage Scenario	START	1716296006548
USER	Vets Usage Scenario	START	1716296006548
REQUEST		owners	1716296006546	1716296006549	KO	j.n.ConnectException: Connection refused
REQUEST		vets	1716296006546	1716296006549	KO	j.n.ConnectException: Connection refused
USER	Owner Usage Scenario	END	1716296006550
USER	Vets Usage Scenario	END	1716296006550
USER	Owner Usage Scenario	START	1716296006647
USER	Vets Usage Scenario	START	1716296006647
REQUEST		vets	1716296006646	1716296006649	KO	j.n.ConnectException: Connection refused
REQUEST		owners	1716296006646	1716296006649	KO	j.n.ConnectException: Connection refused
USER	Vets Usage Scenario	END	1716296006649
USER	Owner Usage Scenario	END	1716296006649
USER	Vets Usage Scenario	START	1716296006748
USER	Owner Usage Scenario	START	1716296006748
REQUEST		owners	1716296006746	1716296006749	KO	j.n.ConnectException: Connection refused
REQUEST		vets	1716296006746	1716296006749	KO	j.n.ConnectException: Connection refused
USER	Vets Usage Scenario	END	1716296006750
USER	Owner Usage Scenario	END	1716296006750
USER	Vets Usage Scenario	START	1716296006847
USER	Owner Usage Scenario	START	1716296006847
REQUEST		owners	1716296006846	1716296006849	KO	j.n.ConnectException: Connection refused
REQUEST		vets	1716296006846	1716296006849	KO	j.n.ConnectException: Connection refused
USER	Vets Usage Scenario	END	1716296006850
USER	Owner Usage Scenario	END	1716296006850
USER	Vets Usage Scenario	START	1716296006948
USER	Owner Usage Scenario	START	1716296006948
REQUEST		owners	1716296006947	1716296006950	KO	j.n.ConnectException: Connection refused
REQUEST		vets	1716296006947	1716296006950	KO	j.n.ConnectException: Connection refused
USER	Vets Usage Scenario	END	1716296006950
USER	Owner Usage Scenario	END	1716296006950
USER	Vets Usage Scenario	START	1716296007046
USER	Owner Usage Scenario	START	1716296007046
REQUEST		owners	1716296007045	1716296007048	KO	j.n.ConnectException: Connection refused
REQUEST		vets	1716296007045	1716296007048	KO	j.n.ConnectException: Connection refused
USER	Vets Usage Scenario	END	1716296007048
USER	Owner Usage Scenario	END	1716296007048
USER	Vets Usage Scenario	START	1716296007146
USER	Owner Usage Scenario	START	1716296007146
REQUEST		vets	1716296007145	1716296007147	KO	j.n.ConnectException: Connection refused
REQUEST		owners	1716296007145	1716296007147	KO	j.n.ConnectException: Connection refused
USER	Owner Usage Scenario	END	1716296007147
USER	Vets Usage Scenario	END	1716296007147
USER	Owner Usage Scenario	START	1716296007246
USER	Vets Usage Scenario	START	1716296007247
REQUEST		owners	1716296007246	1716296007247	KO	j.n.ConnectException: Connection refused
REQUEST		vets	1716296007246	1716296007247	KO	j.n.ConnectException: Connection refused
USER	Owner Usage Scenario	END	1716296007247
USER	Vets Usage Scenario	END	1716296007248
USER	Owner Usage Scenario	START	1716296007346
USER	Vets Usage Scenario	START	1716296007347
REQUEST		owners	1716296007345	1716296007347	KO	j.n.ConnectException: Connection refused
USER	Owner Usage Scenario	END	1716296007347
REQUEST		vets	1716296007346	1716296007348	KO	j.n.ConnectException: Connection refused
USER	Vets Usage Scenario	END	1716296007348
USER	Owner Usage Scenario	START	1716296007446
USER	Vets Usage Scenario	START	1716296007446
REQUEST		owners	1716296007445	1716296007447	KO	j.n.ConnectException: Connection refused
REQUEST		vets	1716296007445	1716296007447	KO	j.n.ConnectException: Connection refused
USER	Owner Usage Scenario	END	1716296007447
USER	Vets Usage Scenario	END	1716296007447
USER	Owner Usage Scenario	START	1716296007547
USER	Vets Usage Scenario	START	1716296007547
REQUEST		vets	1716296007546	1716296007548	KO	j.n.ConnectException: Connection refused
REQUEST		owners	1716296007546	1716296007548	KO	j.n.ConnectException: Connection refused
USER	Vets Usage Scenario	END	1716296007549
USER	Owner Usage Scenario	END	1716296007549
USER	Owner Usage Scenario	START	1716296007646
USER	Vets Usage Scenario	START	1716296007646
REQUEST		vets	1716296007646	1716296007648	KO	j.n.ConnectException: Connection refused
REQUEST		owners	1716296007645	1716296007648	KO	j.n.ConnectException: Connection refused
USER	Owner Usage Scenario	END	1716296007648
USER	Vets Usage Scenario	END	1716296007648
USER	Vets Usage Scenario	START	1716296007748
USER	Owner Usage Scenario	START	1716296007748
REQUEST		vets	1716296007747	1716296007749	KO	j.n.ConnectException: Connection refused
REQUEST		owners	1716296007747	1716296007749	KO	j.n.ConnectException: Connection refused
USER	Owner Usage Scenario	END	1716296007750
USER	Vets Usage Scenario	END	1716296007750
USER	Owner Usage Scenario	START	1716296007848
USER	Vets Usage Scenario	START	1716296007848
REQUEST		vets	1716296007847	1716296007849	KO	j.n.ConnectException: Connection refused
REQUEST		owners	1716296007847	1716296007849	KO	j.n.ConnectException: Connection refused
USER	Vets Usage Scenario	END	1716296007850
USER	Owner Usage Scenario	END	1716296007850
USER	Owner Usage Scenario	START	1716296007947
USER	Vets Usage Scenario	START	1716296007947
REQUEST		owners	1716296007946	1716296007949	KO	j.n.ConnectException: Connection refused
REQUEST		vets	1716296007946	1716296007949	KO	j.n.ConnectException: Connection refused
USER	Vets Usage Scenario	END	1716296007949
USER	Owner Usage Scenario	END	1716296007949
USER	Owner Usage Scenario	START	1716296008048
USER	Vets Usage Scenario	START	1716296008048
REQUEST		vets	1716296008046	1716296008049	KO	j.n.ConnectException: Connection refused
REQUEST		owners	1716296008046	1716296008049	KO	j.n.ConnectException: Connection refused
USER	Vets Usage Scenario	END	1716296008049
USER	Owner Usage Scenario	END	1716296008049
USER	Vets Usage Scenario	START	1716296008147
USER	Owner Usage Scenario	START	1716296008147
REQUEST		owners	1716296008146	1716296008148	KO	j.n.ConnectException: Connection refused
REQUEST		vets	1716296008146	1716296008148	KO	j.n.ConnectException: Connection refused
USER	Owner Usage Scenario	END	1716296008149
USER	Vets Usage Scenario	END	1716296008149
USER	Owner Usage Scenario	START	1716296008248
USER	Vets Usage Scenario	START	1716296008248
REQUEST		vets	1716296008247	1716296008249	KO	j.n.ConnectException: Connection refused
REQUEST		owners	1716296008247	1716296008249	KO	j.n.ConnectException: Connection refused
USER	Owner Usage Scenario	END	1716296008249
USER	Vets Usage Scenario	END	1716296008249
USER	Vets Usage Scenario	START	1716296008348
USER	Owner Usage Scenario	START	1716296008348
REQUEST		vets	1716296008347	1716296008349	KO	j.n.ConnectException: Connection refused
REQUEST		owners	1716296008347	1716296008349	KO	j.n.ConnectException: Connection refused
USER	Vets Usage Scenario	END	1716296008349
USER	Owner Usage Scenario	END	1716296008350
USER	Vets Usage Scenario	START	1716296008448
USER	Owner Usage Scenario	START	1716296008448
REQUEST		owners	1716296008447	1716296008449	KO	j.n.ConnectException: Connection refused
REQUEST		vets	1716296008447	1716296008449	KO	j.n.ConnectException: Connection refused
USER	Vets Usage Scenario	END	1716296008449
USER	Owner Usage Scenario	END	1716296008450
USER	Vets Usage Scenario	START	1716296008548
USER	Owner Usage Scenario	START	1716296008548
REQUEST		owners	1716296008547	1716296008550	KO	j.n.ConnectException: Connection refused
REQUEST		vets	1716296008547	1716296008550	KO	j.n.ConnectException: Connection refused
USER	Vets Usage Scenario	END	1716296008550
USER	Owner Usage Scenario	END	1716296008550
USER	Vets Usage Scenario	START	1716296008648
USER	Owner Usage Scenario	START	1716296008648
REQUEST		owners	1716296008648	1716296008650	KO	j.n.ConnectException: Connection refused
REQUEST		vets	1716296008648	1716296008650	KO	j.n.ConnectException: Connection refused
USER	Vets Usage Scenario	END	1716296008650
USER	Owner Usage Scenario	END	1716296008650
USER	Vets Usage Scenario	START	1716296008747
USER	Owner Usage Scenario	START	1716296008747
REQUEST		vets	1716296008747	1716296008748	KO	j.n.ConnectException: Connection refused
REQUEST		owners	1716296008747	1716296008748	KO	j.n.ConnectException: Connection refused
USER	Vets Usage Scenario	END	1716296008749
USER	Owner Usage Scenario	END	1716296008749
USER	Owner Usage Scenario	START	1716296008848
USER	Vets Usage Scenario	START	1716296008848
REQUEST		owners	1716296008847	1716296008849	KO	j.n.ConnectException: Connection refused
REQUEST		vets	1716296008847	1716296008849	KO	j.n.ConnectException: Connection refused
USER	Vets Usage Scenario	END	1716296008850
USER	Owner Usage Scenario	END	1716296008850
USER	Owner Usage Scenario	START	1716296008948
USER	Vets Usage Scenario	START	1716296008948
REQUEST		owners	1716296008947	1716296008949	KO	j.n.ConnectException: Connection refused
REQUEST		vets	1716296008947	1716296008949	KO	j.n.ConnectException: Connection refused
USER	Vets Usage Scenario	END	1716296008949
USER	Owner Usage Scenario	END	1716296008950
USER	Vets Usage Scenario	START	1716296009047
USER	Owner Usage Scenario	START	1716296009047
REQUEST		vets	1716296009046	1716296009048	KO	j.n.ConnectException: Connection refused
REQUEST		owners	1716296009046	1716296009048	KO	j.n.ConnectException: Connection refused
USER	Owner Usage Scenario	END	1716296009049
USER	Vets Usage Scenario	END	1716296009049
USER	Owner Usage Scenario	START	1716296009146
USER	Vets Usage Scenario	START	1716296009146
REQUEST		vets	1716296009146	1716296009147	KO	j.n.ConnectException: Connection refused
REQUEST		owners	1716296009146	1716296009147	KO	j.n.ConnectException: Connection refused
USER	Vets Usage Scenario	END	1716296009148
USER	Owner Usage Scenario	END	1716296009148
USER	Owner Usage Scenario	START	1716296009248
USER	Vets Usage Scenario	START	1716296009248
REQUEST		owners	1716296009247	1716296009249	KO	j.n.ConnectException: Connection refused
REQUEST		vets	1716296009247	1716296009249	KO	j.n.ConnectException: Connection refused
USER	Vets Usage Scenario	END	1716296009249
USER	Owner Usage Scenario	END	1716296009249
USER	Vets Usage Scenario	START	1716296009347
USER	Owner Usage Scenario	START	1716296009347
REQUEST		vets	1716296009346	1716296009349	KO	j.n.ConnectException: Connection refused
REQUEST		owners	1716296009346	1716296009349	KO	j.n.ConnectException: Connection refused
USER	Vets Usage Scenario	END	1716296009349
USER	Owner Usage Scenario	END	1716296009349
USER	Vets Usage Scenario	START	1716296009448
USER	Owner Usage Scenario	START	1716296009448
REQUEST		owners	1716296009447	1716296009449	KO	j.n.ConnectException: Connection refused
REQUEST		vets	1716296009447	1716296009449	KO	j.n.ConnectException: Connection refused
USER	Vets Usage Scenario	END	1716296009449
USER	Owner Usage Scenario	END	1716296009449
USER	Vets Usage Scenario	START	1716296009547
USER	Owner Usage Scenario	START	1716296009547
REQUEST		owners	1716296009546	1716296009549	KO	j.n.ConnectException: Connection refused
REQUEST		vets	1716296009546	1716296009549	KO	j.n.ConnectException: Connection refused
USER	Owner Usage Scenario	END	1716296009549
USER	Vets Usage Scenario	END	1716296009549
USER	Owner Usage Scenario	START	1716296009648
USER	Vets Usage Scenario	START	1716296009648
REQUEST		owners	1716296009647	1716296009650	KO	j.n.ConnectException: Connection refused
REQUEST		vets	1716296009647	1716296009650	KO	j.n.ConnectException: Connection refused
USER	Vets Usage Scenario	END	1716296009650
USER	Owner Usage Scenario	END	1716296009650
USER	Owner Usage Scenario	START	1716296009748
USER	Vets Usage Scenario	START	1716296009748
REQUEST		vets	1716296009747	1716296009749	KO	j.n.ConnectException: Connection refused
REQUEST		owners	1716296009747	1716296009749	KO	j.n.ConnectException: Connection refused
USER	Owner Usage Scenario	END	1716296009750
USER	Vets Usage Scenario	END	1716296009750
USER	Owner Usage Scenario	START	1716296009847
USER	Vets Usage Scenario	START	1716296009847
REQUEST		vets	1716296009846	1716296009849	KO	j.n.ConnectException: Connection refused
REQUEST		owners	1716296009846	1716296009849	KO	j.n.ConnectException: Connection refused
USER	Owner Usage Scenario	END	1716296009849
USER	Vets Usage Scenario	END	1716296009849
USER	Owner Usage Scenario	START	1716296009947
USER	Vets Usage Scenario	START	1716296009947
REQUEST		vets	1716296009946	1716296009948	KO	j.n.ConnectException: Connection refused
REQUEST		owners	1716296009946	1716296009948	KO	j.n.ConnectException: Connection refused
USER	Owner Usage Scenario	END	1716296009949
USER	Vets Usage Scenario	END	1716296009949
USER	Vets Usage Scenario	START	1716296010047
USER	Owner Usage Scenario	START	1716296010047
REQUEST		vets	1716296010046	1716296010049	KO	j.n.ConnectException: Connection refused
REQUEST		owners	1716296010046	1716296010049	KO	j.n.ConnectException: Connection refused
USER	Vets Usage Scenario	END	1716296010049
USER	Owner Usage Scenario	END	1716296010049
USER	Vets Usage Scenario	START	1716296010147
USER	Owner Usage Scenario	START	1716296010147
REQUEST		vets	1716296010147	1716296010149	KO	j.n.ConnectException: Connection refused
REQUEST		owners	1716296010147	1716296010149	KO	j.n.ConnectException: Connection refused
USER	Vets Usage Scenario	END	1716296010149
USER	Owner Usage Scenario	END	1716296010149
USER	Vets Usage Scenario	START	1716296010248
USER	Owner Usage Scenario	START	1716296010248
REQUEST		vets	1716296010247	1716296010249	KO	j.n.ConnectException: Connection refused
REQUEST		owners	1716296010247	1716296010249	KO	j.n.ConnectException: Connection refused
USER	Owner Usage Scenario	END	1716296010250
USER	Vets Usage Scenario	END	1716296010250
USER	Vets Usage Scenario	START	1716296010348
USER	Owner Usage Scenario	START	1716296010348
REQUEST		vets	1716296010347	1716296010349	KO	j.n.ConnectException: Connection refused
REQUEST		owners	1716296010347	1716296010349	KO	j.n.ConnectException: Connection refused
USER	Vets Usage Scenario	END	1716296010349
USER	Owner Usage Scenario	END	1716296010349
USER	Owner Usage Scenario	START	1716296010447
USER	Vets Usage Scenario	START	1716296010447
REQUEST		vets	1716296010447	1716296010448	KO	j.n.ConnectException: Connection refused
REQUEST		owners	1716296010447	1716296010448	KO	j.n.ConnectException: Connection refused
USER	Owner Usage Scenario	END	1716296010448
USER	Vets Usage Scenario	END	1716296010448
USER	Vets Usage Scenario	START	1716296010548
USER	Owner Usage Scenario	START	1716296010548
REQUEST		vets	1716296010547	1716296010549	KO	j.n.ConnectException: Connection refused
REQUEST		owners	1716296010547	1716296010549	KO	j.n.ConnectException: Connection refused
USER	Owner Usage Scenario	END	1716296010550
USER	Vets Usage Scenario	END	1716296010550
USER	Vets Usage Scenario	START	1716296010648
USER	Owner Usage Scenario	START	1716296010648
REQUEST		vets	1716296010647	1716296010649	KO	j.n.ConnectException: Connection refused
REQUEST		owners	1716296010647	1716296010649	KO	j.n.ConnectException: Connection refused
USER	Owner Usage Scenario	END	1716296010650
USER	Vets Usage Scenario	END	1716296010650
USER	Owner Usage Scenario	START	1716296010747
USER	Vets Usage Scenario	START	1716296010747
REQUEST		vets	1716296010746	1716296010748	KO	j.n.ConnectException: Connection refused
REQUEST		owners	1716296010746	1716296010748	KO	j.n.ConnectException: Connection refused
USER	Vets Usage Scenario	END	1716296010748
USER	Owner Usage Scenario	END	1716296010748
USER	Owner Usage Scenario	START	1716296010847
USER	Vets Usage Scenario	START	1716296010847
REQUEST		vets	1716296010847	1716296010848	KO	j.n.ConnectException: Connection refused
REQUEST		owners	1716296010847	1716296010848	KO	j.n.ConnectException: Connection refused
USER	Vets Usage Scenario	END	1716296010848
USER	Owner Usage Scenario	END	1716296010848
USER	Owner Usage Scenario	START	1716296010947
USER	Vets Usage Scenario	START	1716296010947
REQUEST		owners	1716296010946	1716296010948	KO	j.n.ConnectException: Connection refused
REQUEST		vets	1716296010946	1716296010948	KO	j.n.ConnectException: Connection refused
USER	Owner Usage Scenario	END	1716296010948
USER	Vets Usage Scenario	END	1716296010948
USER	Vets Usage Scenario	START	1716296011047
USER	Owner Usage Scenario	START	1716296011047
REQUEST		owners	1716296011046	1716296011048	KO	j.n.ConnectException: Connection refused
REQUEST		vets	1716296011046	1716296011048	KO	j.n.ConnectException: Connection refused
USER	Vets Usage Scenario	END	1716296011048
USER	Owner Usage Scenario	END	1716296011049
USER	Vets Usage Scenario	START	1716296011147
USER	Owner Usage Scenario	START	1716296011147
REQUEST		vets	1716296011146	1716296011148	KO	j.n.ConnectException: Connection refused
REQUEST		owners	1716296011146	1716296011148	KO	j.n.ConnectException: Connection refused
USER	Owner Usage Scenario	END	1716296011149
USER	Vets Usage Scenario	END	1716296011149
USER	Owner Usage Scenario	START	1716296011247
USER	Vets Usage Scenario	START	1716296011247
REQUEST		vets	1716296011247	1716296011249	KO	j.n.ConnectException: Connection refused
REQUEST		owners	1716296011247	1716296011249	KO	j.n.ConnectException: Connection refused
USER	Vets Usage Scenario	END	1716296011249
USER	Owner Usage Scenario	END	1716296011249
USER	Vets Usage Scenario	START	1716296011347
USER	Owner Usage Scenario	START	1716296011347
REQUEST		vets	1716296011346	1716296011348	KO	j.n.ConnectException: Connection refused
REQUEST		owners	1716296011346	1716296011348	KO	j.n.ConnectException: Connection refused
USER	Owner Usage Scenario	END	1716296011349
USER	Vets Usage Scenario	END	1716296011349
USER	Owner Usage Scenario	START	1716296011448
USER	Vets Usage Scenario	START	1716296011448
REQUEST		vets	1716296011447	1716296011449	KO	j.n.ConnectException: Connection refused
REQUEST		owners	1716296011447	1716296011449	KO	j.n.ConnectException: Connection refused
USER	Owner Usage Scenario	END	1716296011449
USER	Vets Usage Scenario	END	1716296011449
USER	Owner Usage Scenario	START	1716296011547
USER	Vets Usage Scenario	START	1716296011547
REQUEST		vets	1716296011546	1716296011548	KO	j.n.ConnectException: Connection refused
REQUEST		owners	1716296011546	1716296011548	KO	j.n.ConnectException: Connection refused
USER	Owner Usage Scenario	END	1716296011548
USER	Vets Usage Scenario	END	1716296011548
USER	Owner Usage Scenario	START	1716296011648
USER	Vets Usage Scenario	START	1716296011648
REQUEST		owners	1716296011647	1716296011649	KO	j.n.ConnectException: Connection refused
REQUEST		vets	1716296011647	1716296011649	KO	j.n.ConnectException: Connection refused
USER	Owner Usage Scenario	END	1716296011650
USER	Vets Usage Scenario	END	1716296011650
USER	Vets Usage Scenario	START	1716296011748
USER	Owner Usage Scenario	START	1716296011748
REQUEST		owners	1716296011747	1716296011749	KO	j.n.ConnectException: Connection refused
REQUEST		vets	1716296011747	1716296011749	KO	j.n.ConnectException: Connection refused
USER	Vets Usage Scenario	END	1716296011749
USER	Owner Usage Scenario	END	1716296011749
USER	Owner Usage Scenario	START	1716296011847
USER	Vets Usage Scenario	START	1716296011847
REQUEST		vets	1716296011847	1716296011849	KO	j.n.ConnectException: Connection refused
REQUEST		owners	1716296011847	1716296011849	KO	j.n.ConnectException: Connection refused
USER	Vets Usage Scenario	END	1716296011849
USER	Owner Usage Scenario	END	1716296011849
USER	Owner Usage Scenario	START	1716296011947
USER	Vets Usage Scenario	START	1716296011947
REQUEST		vets	1716296011947	1716296011949	KO	j.n.ConnectException: Connection refused
REQUEST		owners	1716296011947	1716296011949	KO	j.n.ConnectException: Connection refused
USER	Vets Usage Scenario	END	1716296011949
USER	Owner Usage Scenario	END	1716296011949
USER	Owner Usage Scenario	START	1716296012047
USER	Vets Usage Scenario	START	1716296012047
REQUEST		vets	1716296012046	1716296012048	KO	j.n.ConnectException: Connection refused
REQUEST		owners	1716296012046	1716296012048	KO	j.n.ConnectException: Connection refused
USER	Owner Usage Scenario	END	1716296012048
USER	Vets Usage Scenario	END	1716296012048
USER	Owner Usage Scenario	START	1716296012146
USER	Vets Usage Scenario	START	1716296012146
REQUEST		owners	1716296012146	1716296012147	KO	j.n.ConnectException: Connection refused
REQUEST		vets	1716296012146	1716296012147	KO	j.n.ConnectException: Connection refused
USER	Owner Usage Scenario	END	1716296012148
USER	Vets Usage Scenario	END	1716296012148
USER	Owner Usage Scenario	START	1716296012246
USER	Vets Usage Scenario	START	1716296012246
REQUEST		owners	1716296012245	1716296012247	KO	j.n.ConnectException: Connection refused
REQUEST		vets	1716296012245	1716296012247	KO	j.n.ConnectException: Connection refused
USER	Vets Usage Scenario	END	1716296012248
USER	Owner Usage Scenario	END	1716296012248
USER	Owner Usage Scenario	START	1716296012347
USER	Vets Usage Scenario	START	1716296012347
REQUEST		owners	1716296012346	1716296012348	KO	j.n.ConnectException: Connection refused
REQUEST		vets	1716296012346	1716296012348	KO	j.n.ConnectException: Connection refused
USER	Owner Usage Scenario	END	1716296012349
USER	Vets Usage Scenario	END	1716296012349
USER	Owner Usage Scenario	START	1716296012446
USER	Vets Usage Scenario	START	1716296012446
REQUEST		owners	1716296012446	1716296012447	KO	j.n.ConnectException: Connection refused
REQUEST		vets	1716296012446	1716296012447	KO	j.n.ConnectException: Connection refused
USER	Vets Usage Scenario	END	1716296012447
USER	Owner Usage Scenario	END	1716296012447
USER	Owner Usage Scenario	START	1716296012547
USER	Vets Usage Scenario	START	1716296012547
REQUEST		owners	1716296012546	1716296012547	KO	j.n.ConnectException: Connection refused
REQUEST		vets	1716296012546	1716296012547	KO	j.n.ConnectException: Connection refused
USER	Vets Usage Scenario	END	1716296012547
USER	Owner Usage Scenario	END	1716296012547
USER	Owner Usage Scenario	START	1716296012647
USER	Vets Usage Scenario	START	1716296012647
REQUEST		owners	1716296012647	1716296012648	KO	j.n.ConnectException: Connection refused
REQUEST		vets	1716296012647	1716296012648	KO	j.n.ConnectException: Connection refused
USER	Owner Usage Scenario	END	1716296012649
USER	Vets Usage Scenario	END	1716296012649
USER	Vets Usage Scenario	START	1716296012747
USER	Owner Usage Scenario	START	1716296012747
REQUEST		owners	1716296012746	1716296012748	KO	j.n.ConnectException: Connection refused
REQUEST		vets	1716296012746	1716296012748	KO	j.n.ConnectException: Connection refused
USER	Vets Usage Scenario	END	1716296012748
USER	Owner Usage Scenario	END	1716296012748
USER	Owner Usage Scenario	START	1716296012847
USER	Vets Usage Scenario	START	1716296012847
REQUEST		owners	1716296012847	1716296012849	KO	j.n.ConnectException: Connection refused
REQUEST		vets	1716296012847	1716296012849	KO	j.n.ConnectException: Connection refused
USER	Vets Usage Scenario	END	1716296012849
USER	Owner Usage Scenario	END	1716296012849
USER	Vets Usage Scenario	START	1716296012947
USER	Owner Usage Scenario	START	1716296012947
REQUEST		vets	1716296012947	1716296012949	KO	j.n.ConnectException: Connection refused
REQUEST		owners	1716296012947	1716296012949	KO	j.n.ConnectException: Connection refused
USER	Owner Usage Scenario	END	1716296012949
USER	Vets Usage Scenario	END	1716296012949
USER	Vets Usage Scenario	START	1716296013046
USER	Owner Usage Scenario	START	1716296013047
REQUEST		owners	1716296013046	1716296013047	KO	j.n.ConnectException: Connection refused
REQUEST		vets	1716296013046	1716296013048	KO	j.n.ConnectException: Connection refused
USER	Owner Usage Scenario	END	1716296013048
USER	Vets Usage Scenario	END	1716296013048
USER	Owner Usage Scenario	START	1716296013147
USER	Vets Usage Scenario	START	1716296013147
REQUEST		owners	1716296013147	1716296013148	KO	j.n.ConnectException: Connection refused
REQUEST		vets	1716296013146	1716296013149	KO	j.n.ConnectException: Connection refused
USER	Vets Usage Scenario	END	1716296013149
USER	Owner Usage Scenario	END	1716296013149
USER	Vets Usage Scenario	START	1716296013246
USER	Owner Usage Scenario	START	1716296013246
REQUEST		vets	1716296013245	1716296013246	KO	j.n.ConnectException: Connection refused
REQUEST		owners	1716296013246	1716296013246	KO	j.n.ConnectException: Connection refused
USER	Owner Usage Scenario	END	1716296013246
USER	Vets Usage Scenario	END	1716296013246
USER	Vets Usage Scenario	START	1716296013346
USER	Owner Usage Scenario	START	1716296013347
REQUEST		owners	1716296013346	1716296013347	KO	j.n.ConnectException: Connection refused
REQUEST		vets	1716296013346	1716296013347	KO	j.n.ConnectException: Connection refused
USER	Vets Usage Scenario	END	1716296013348
USER	Owner Usage Scenario	END	1716296013348
USER	Owner Usage Scenario	START	1716296013447
USER	Vets Usage Scenario	START	1716296013447
REQUEST		vets	1716296013446	1716296013448	KO	j.n.ConnectException: Connection refused
REQUEST		owners	1716296013446	1716296013448	KO	j.n.ConnectException: Connection refused
USER	Vets Usage Scenario	END	1716296013448
USER	Owner Usage Scenario	END	1716296013448
USER	Owner Usage Scenario	START	1716296013547
USER	Vets Usage Scenario	START	1716296013547
REQUEST		vets	1716296013546	1716296013547	KO	j.n.ConnectException: Connection refused
REQUEST		owners	1716296013546	1716296013547	KO	j.n.ConnectException: Connection refused
USER	Vets Usage Scenario	END	1716296013548
USER	Owner Usage Scenario	END	1716296013548
USER	Vets Usage Scenario	START	1716296013647
USER	Owner Usage Scenario	START	1716296013647
REQUEST		owners	1716296013646	1716296013647	KO	j.n.ConnectException: Connection refused
REQUEST		vets	1716296013646	1716296013647	KO	j.n.ConnectException: Connection refused
USER	Vets Usage Scenario	END	1716296013648
USER	Owner Usage Scenario	END	1716296013648
USER	Vets Usage Scenario	START	1716296013747
USER	Owner Usage Scenario	START	1716296013747
REQUEST		owners	1716296013746	1716296013748	KO	j.n.ConnectException: Connection refused
REQUEST		vets	1716296013746	1716296013748	KO	j.n.ConnectException: Connection refused
USER	Vets Usage Scenario	END	1716296013748
USER	Owner Usage Scenario	END	1716296013748
USER	Vets Usage Scenario	START	1716296013847
USER	Owner Usage Scenario	START	1716296013847
REQUEST		owners	1716296013847	1716296013848	KO	j.n.ConnectException: Connection refused
REQUEST		vets	1716296013846	1716296013848	KO	j.n.ConnectException: Connection refused
USER	Owner Usage Scenario	END	1716296013848
USER	Vets Usage Scenario	END	1716296013848
USER	Vets Usage Scenario	START	1716296013947
USER	Owner Usage Scenario	START	1716296013947
REQUEST		owners	1716296013946	1716296013948	KO	j.n.ConnectException: Connection refused
REQUEST		vets	1716296013946	1716296013948	KO	j.n.ConnectException: Connection refused
USER	Owner Usage Scenario	END	1716296013949
USER	Vets Usage Scenario	END	1716296013949
USER	Owner Usage Scenario	START	1716296014047
USER	Vets Usage Scenario	START	1716296014047
REQUEST		vets	1716296014046	1716296014048	KO	j.n.ConnectException: Connection refused
REQUEST		owners	1716296014046	1716296014048	KO	j.n.ConnectException: Connection refused
USER	Owner Usage Scenario	END	1716296014048
USER	Vets Usage Scenario	END	1716296014048
USER	Owner Usage Scenario	START	1716296014147
USER	Vets Usage Scenario	START	1716296014147
REQUEST		owners	1716296014146	1716296014148	KO	j.n.ConnectException: Connection refused
REQUEST		vets	1716296014146	1716296014148	KO	j.n.ConnectException: Connection refused
USER	Vets Usage Scenario	END	1716296014149
USER	Owner Usage Scenario	END	1716296014149
USER	Owner Usage Scenario	START	1716296014246
USER	Vets Usage Scenario	START	1716296014246
REQUEST		vets	1716296014246	1716296014247	KO	j.n.ConnectException: Connection refused
REQUEST		owners	1716296014246	1716296014247	KO	j.n.ConnectException: Connection refused
USER	Owner Usage Scenario	END	1716296014247
USER	Vets Usage Scenario	END	1716296014247
USER	Vets Usage Scenario	START	1716296014346
USER	Owner Usage Scenario	START	1716296014346
REQUEST		vets	1716296014346	1716296014347	KO	j.n.ConnectException: Connection refused
REQUEST		owners	1716296014346	1716296014347	KO	j.n.ConnectException: Connection refused
USER	Vets Usage Scenario	END	1716296014347
USER	Owner Usage Scenario	END	1716296014347
USER	Owner Usage Scenario	START	1716296014446
USER	Vets Usage Scenario	START	1716296014446
REQUEST		owners	1716296014446	1716296014447	KO	j.n.ConnectException: Connection refused
REQUEST		vets	1716296014446	1716296014447	KO	j.n.ConnectException: Connection refused
USER	Vets Usage Scenario	END	1716296014447
USER	Owner Usage Scenario	END	1716296014447
USER	Owner Usage Scenario	START	1716296014546
USER	Vets Usage Scenario	START	1716296014546
REQUEST		vets	1716296014546	1716296014547	KO	j.n.ConnectException: Connection refused
REQUEST		owners	1716296014546	1716296014547	KO	j.n.ConnectException: Connection refused
USER	Owner Usage Scenario	END	1716296014548
USER	Vets Usage Scenario	END	1716296014548
USER	Owner Usage Scenario	START	1716296014646
USER	Vets Usage Scenario	START	1716296014646
REQUEST		owners	1716296014646	1716296014647	KO	j.n.ConnectException: Connection refused
REQUEST		vets	1716296014646	1716296014648	KO	j.n.ConnectException: Connection refused
USER	Owner Usage Scenario	END	1716296014648
USER	Vets Usage Scenario	END	1716296014648
USER	Owner Usage Scenario	START	1716296014746
USER	Vets Usage Scenario	START	1716296014747
REQUEST		owners	1716296014746	1716296014747	KO	j.n.ConnectException: Connection refused
REQUEST		vets	1716296014746	1716296014747	KO	j.n.ConnectException: Connection refused
USER	Owner Usage Scenario	END	1716296014747
USER	Vets Usage Scenario	END	1716296014747
USER	Owner Usage Scenario	START	1716296014846
USER	Vets Usage Scenario	START	1716296014846
REQUEST		vets	1716296014846	1716296014847	KO	j.n.ConnectException: Connection refused
REQUEST		owners	1716296014845	1716296014847	KO	j.n.ConnectException: Connection refused
USER	Vets Usage Scenario	END	1716296014847
USER	Owner Usage Scenario	END	1716296014847
USER	Owner Usage Scenario	START	1716296014946
REQUEST		owners	1716296014945	1716296014946	KO	j.n.ConnectException: Connection refused
USER	Owner Usage Scenario	END	1716296014947
USER	Vets Usage Scenario	START	1716296014947
REQUEST		vets	1716296014947	1716296014948	KO	j.n.ConnectException: Connection refused
USER	Vets Usage Scenario	END	1716296014948
USER	Owner Usage Scenario	START	1716296015045
USER	Vets Usage Scenario	START	1716296015045
REQUEST		owners	1716296015045	1716296015046	KO	j.n.ConnectException: Connection refused
REQUEST		vets	1716296015045	1716296015046	KO	j.n.ConnectException: Connection refused
USER	Vets Usage Scenario	END	1716296015046
USER	Owner Usage Scenario	END	1716296015046
USER	Vets Usage Scenario	START	1716296015145
USER	Owner Usage Scenario	START	1716296015145
REQUEST		vets	1716296015145	1716296015146	KO	j.n.ConnectException: Connection refused
REQUEST		owners	1716296015145	1716296015146	KO	j.n.ConnectException: Connection refused
USER	Vets Usage Scenario	END	1716296015146
USER	Owner Usage Scenario	END	1716296015146
USER	Vets Usage Scenario	START	1716296015246
USER	Owner Usage Scenario	START	1716296015246
REQUEST		owners	1716296015245	1716296015247	KO	j.n.ConnectException: Connection refused
REQUEST		vets	1716296015245	1716296015247	KO	j.n.ConnectException: Connection refused
USER	Owner Usage Scenario	END	1716296015247
USER	Vets Usage Scenario	END	1716296015247
USER	Vets Usage Scenario	START	1716296015345
USER	Owner Usage Scenario	START	1716296015346
REQUEST		vets	1716296015344	1716296015346	KO	j.n.ConnectException: Connection refused
USER	Vets Usage Scenario	END	1716296015346
REQUEST		owners	1716296015345	1716296015346	KO	j.n.ConnectException: Connection refused
USER	Owner Usage Scenario	END	1716296015346
USER	Owner Usage Scenario	START	1716296015446
USER	Vets Usage Scenario	START	1716296015446
REQUEST		vets	1716296015445	1716296015447	KO	j.n.ConnectException: Connection refused
REQUEST		owners	1716296015445	1716296015447	KO	j.n.ConnectException: Connection refused
USER	Vets Usage Scenario	END	1716296015447
USER	Owner Usage Scenario	END	1716296015447
USER	Owner Usage Scenario	START	1716296015546
USER	Vets Usage Scenario	START	1716296015546
REQUEST		owners	1716296015546	1716296015547	KO	j.n.ConnectException: Connection refused
REQUEST		vets	1716296015546	1716296015547	KO	j.n.ConnectException: Connection refused
USER	Owner Usage Scenario	END	1716296015547
USER	Vets Usage Scenario	END	1716296015547
USER	Vets Usage Scenario	START	1716296015646
USER	Owner Usage Scenario	START	1716296015647
REQUEST		vets	1716296015646	1716296015647	KO	j.n.ConnectException: Connection refused
USER	Vets Usage Scenario	END	1716296015647
REQUEST		owners	1716296015647	1716296015647	KO	j.n.ConnectException: Connection refused
USER	Owner Usage Scenario	END	1716296015648
USER	Owner Usage Scenario	START	1716296015745
USER	Vets Usage Scenario	START	1716296015746
REQUEST		owners	1716296015745	1716296015746	KO	j.n.ConnectException: Connection refused
REQUEST		vets	1716296015746	1716296015746	KO	j.n.ConnectException: Connection refused
USER	Owner Usage Scenario	END	1716296015747
USER	Vets Usage Scenario	END	1716296015747
USER	Owner Usage Scenario	START	1716296015846
REQUEST		owners	1716296015845	1716296015846	KO	j.n.ConnectException: Connection refused
USER	Vets Usage Scenario	START	1716296015846
USER	Owner Usage Scenario	END	1716296015846
REQUEST		vets	1716296015846	1716296015847	KO	j.n.ConnectException: Connection refused
USER	Vets Usage Scenario	END	1716296015847
USER	Owner Usage Scenario	START	1716296015946
USER	Vets Usage Scenario	START	1716296015946
REQUEST		owners	1716296015945	1716296015947	KO	j.n.ConnectException: Connection refused
USER	Owner Usage Scenario	END	1716296015947
REQUEST		vets	1716296015946	1716296015947	KO	j.n.ConnectException: Connection refused
USER	Vets Usage Scenario	END	1716296015947
USER	Owner Usage Scenario	START	1716296016045
USER	Vets Usage Scenario	START	1716296016045
REQUEST		owners	1716296016045	1716296016047	KO	j.n.ConnectException: Connection refused
REQUEST		vets	1716296016045	1716296016047	KO	j.n.ConnectException: Connection refused
USER	Vets Usage Scenario	END	1716296016047
USER	Owner Usage Scenario	END	1716296016047
USER	Owner Usage Scenario	START	1716296016146
USER	Vets Usage Scenario	START	1716296016146
REQUEST		owners	1716296016145	1716296016147	KO	j.n.ConnectException: Connection refused
REQUEST		vets	1716296016145	1716296016147	KO	j.n.ConnectException: Connection refused
USER	Vets Usage Scenario	END	1716296016147
USER	Owner Usage Scenario	END	1716296016147
USER	Vets Usage Scenario	START	1716296016246
USER	Owner Usage Scenario	START	1716296016246
REQUEST		owners	1716296016245	1716296016247	KO	j.n.ConnectException: Connection refused
REQUEST		vets	1716296016245	1716296016247	KO	j.n.ConnectException: Connection refused
USER	Owner Usage Scenario	END	1716296016247
USER	Vets Usage Scenario	END	1716296016247
USER	Owner Usage Scenario	START	1716296016346
USER	Vets Usage Scenario	START	1716296016346
REQUEST		owners	1716296016345	1716296016346	KO	j.n.ConnectException: Connection refused
REQUEST		vets	1716296016345	1716296016346	KO	j.n.ConnectException: Connection refused
USER	Vets Usage Scenario	END	1716296016346
USER	Owner Usage Scenario	END	1716296016347
USER	Owner Usage Scenario	START	1716296016446
USER	Vets Usage Scenario	START	1716296016447
REQUEST		owners	1716296016445	1716296016447	KO	j.n.ConnectException: Connection refused
REQUEST		vets	1716296016446	1716296016447	KO	j.n.ConnectException: Connection refused
USER	Vets Usage Scenario	END	1716296016447
USER	Owner Usage Scenario	END	1716296016447
USER	Owner Usage Scenario	START	1716296016546
USER	Vets Usage Scenario	START	1716296016547
REQUEST		owners	1716296016546	1716296016548	KO	j.n.ConnectException: Connection refused
REQUEST		vets	1716296016546	1716296016548	KO	j.n.ConnectException: Connection refused
USER	Owner Usage Scenario	END	1716296016548
USER	Vets Usage Scenario	END	1716296016548
USER	Owner Usage Scenario	START	1716296016646
USER	Vets Usage Scenario	START	1716296016646
REQUEST		owners	1716296016645	1716296016646	KO	j.n.ConnectException: Connection refused
USER	Owner Usage Scenario	END	1716296016647
REQUEST		vets	1716296016646	1716296016647	KO	j.n.ConnectException: Connection refused
USER	Vets Usage Scenario	END	1716296016647
USER	Owner Usage Scenario	START	1716296016746
USER	Vets Usage Scenario	START	1716296016747
REQUEST		vets	1716296016746	1716296016747	KO	j.n.ConnectException: Connection refused
REQUEST		owners	1716296016746	1716296016747	KO	j.n.ConnectException: Connection refused
USER	Vets Usage Scenario	END	1716296016748
USER	Owner Usage Scenario	END	1716296016748
USER	Owner Usage Scenario	START	1716296016846
USER	Vets Usage Scenario	START	1716296016847
REQUEST		vets	1716296016847	1716296016847	KO	j.n.ConnectException: Connection refused
REQUEST		owners	1716296016846	1716296016847	KO	j.n.ConnectException: Connection refused
USER	Vets Usage Scenario	END	1716296016848
USER	Owner Usage Scenario	END	1716296016848
USER	Owner Usage Scenario	START	1716296016947
USER	Vets Usage Scenario	START	1716296016947
REQUEST		owners	1716296016946	1716296016948	KO	j.n.ConnectException: Connection refused
REQUEST		vets	1716296016947	1716296016948	KO	j.n.ConnectException: Connection refused
USER	Owner Usage Scenario	END	1716296016948
USER	Vets Usage Scenario	END	1716296016948
USER	Owner Usage Scenario	START	1716296017046
USER	Vets Usage Scenario	START	1716296017046
REQUEST		vets	1716296017046	1716296017047	KO	j.n.ConnectException: Connection refused
REQUEST		owners	1716296017046	1716296017047	KO	j.n.ConnectException: Connection refused
USER	Owner Usage Scenario	END	1716296017047
USER	Vets Usage Scenario	END	1716296017047
USER	Owner Usage Scenario	START	1716296017146
USER	Vets Usage Scenario	START	1716296017146
REQUEST		owners	1716296017145	1716296017147	KO	j.n.ConnectException: Connection refused
REQUEST		vets	1716296017146	1716296017147	KO	j.n.ConnectException: Connection refused
USER	Vets Usage Scenario	END	1716296017147
USER	Owner Usage Scenario	END	1716296017147
USER	Owner Usage Scenario	START	1716296017247
USER	Vets Usage Scenario	START	1716296017247
REQUEST		owners	1716296017246	1716296017248	KO	j.n.ConnectException: Connection refused
REQUEST		vets	1716296017246	1716296017248	KO	j.n.ConnectException: Connection refused
USER	Vets Usage Scenario	END	1716296017248
USER	Owner Usage Scenario	END	1716296017248
USER	Vets Usage Scenario	START	1716296017346
USER	Owner Usage Scenario	START	1716296017346
REQUEST		vets	1716296017346	1716296017347	KO	j.n.ConnectException: Connection refused
REQUEST		owners	1716296017346	1716296017347	KO	j.n.ConnectException: Connection refused
USER	Owner Usage Scenario	END	1716296017348
USER	Vets Usage Scenario	END	1716296017348
USER	Owner Usage Scenario	START	1716296017447
USER	Vets Usage Scenario	START	1716296017447
REQUEST		vets	1716296017446	1716296017448	KO	j.n.ConnectException: Connection refused
REQUEST		owners	1716296017446	1716296017448	KO	j.n.ConnectException: Connection refused
USER	Vets Usage Scenario	END	1716296017448
USER	Owner Usage Scenario	END	1716296017448
USER	Owner Usage Scenario	START	1716296017546
USER	Vets Usage Scenario	START	1716296017546
REQUEST		owners	1716296017546	1716296017548	KO	j.n.ConnectException: Connection refused
REQUEST		vets	1716296017546	1716296017548	KO	j.n.ConnectException: Connection refused
USER	Vets Usage Scenario	END	1716296017548
USER	Owner Usage Scenario	END	1716296017548
USER	Vets Usage Scenario	START	1716296017646
USER	Owner Usage Scenario	START	1716296017646
REQUEST		owners	1716296017646	1716296017647	KO	j.n.ConnectException: Connection refused
REQUEST		vets	1716296017646	1716296017647	KO	j.n.ConnectException: Connection refused
USER	Owner Usage Scenario	END	1716296017647
USER	Vets Usage Scenario	END	1716296017647
USER	Vets Usage Scenario	START	1716296017745
USER	Owner Usage Scenario	START	1716296017746
REQUEST		owners	1716296017745	1716296017746	KO	j.n.ConnectException: Connection refused
REQUEST		vets	1716296017745	1716296017746	KO	j.n.ConnectException: Connection refused
USER	Owner Usage Scenario	END	1716296017746
USER	Vets Usage Scenario	END	1716296017746
USER	Owner Usage Scenario	START	1716296017846
USER	Vets Usage Scenario	START	1716296017846
REQUEST		owners	1716296017846	1716296017847	KO	j.n.ConnectException: Connection refused
REQUEST		vets	1716296017846	1716296017847	KO	j.n.ConnectException: Connection refused
USER	Vets Usage Scenario	END	1716296017847
USER	Owner Usage Scenario	END	1716296017847
USER	Owner Usage Scenario	START	1716296017946
USER	Vets Usage Scenario	START	1716296017946
REQUEST		vets	1716296017946	1716296017947	KO	j.n.ConnectException: Connection refused
REQUEST		owners	1716296017946	1716296017947	KO	j.n.ConnectException: Connection refused
USER	Owner Usage Scenario	END	1716296017948
USER	Vets Usage Scenario	END	1716296017948
USER	Vets Usage Scenario	START	1716296018046
USER	Owner Usage Scenario	START	1716296018046
REQUEST		owners	1716296018045	1716296018047	KO	j.n.ConnectException: Connection refused
REQUEST		vets	1716296018045	1716296018047	KO	j.n.ConnectException: Connection refused
USER	Vets Usage Scenario	END	1716296018047
USER	Owner Usage Scenario	END	1716296018047
USER	Owner Usage Scenario	START	1716296018146
USER	Vets Usage Scenario	START	1716296018146
REQUEST		owners	1716296018145	1716296018147	KO	j.n.ConnectException: Connection refused
REQUEST		vets	1716296018146	1716296018147	KO	j.n.ConnectException: Connection refused
USER	Owner Usage Scenario	END	1716296018147
USER	Vets Usage Scenario	END	1716296018147
USER	Owner Usage Scenario	START	1716296018246
USER	Vets Usage Scenario	START	1716296018246
REQUEST		vets	1716296018246	1716296018247	KO	j.n.ConnectException: Connection refused
REQUEST		owners	1716296018246	1716296018247	KO	j.n.ConnectException: Connection refused
USER	Owner Usage Scenario	END	1716296018248
USER	Vets Usage Scenario	END	1716296018248
USER	Vets Usage Scenario	START	1716296018346
USER	Owner Usage Scenario	START	1716296018346
REQUEST		vets	1716296018346	1716296018347	KO	j.n.ConnectException: Connection refused
REQUEST		owners	1716296018346	1716296018347	KO	j.n.ConnectException: Connection refused
USER	Owner Usage Scenario	END	1716296018347
USER	Vets Usage Scenario	END	1716296018347
USER	Owner Usage Scenario	START	1716296018446
USER	Vets Usage Scenario	START	1716296018446
REQUEST		vets	1716296018446	1716296018447	KO	j.n.ConnectException: Connection refused
REQUEST		owners	1716296018445	1716296018447	KO	j.n.ConnectException: Connection refused
USER	Owner Usage Scenario	END	1716296018447
USER	Vets Usage Scenario	END	1716296018447
USER	Owner Usage Scenario	START	1716296018546
USER	Vets Usage Scenario	START	1716296018546
REQUEST		owners	1716296018546	1716296018547	KO	j.n.ConnectException: Connection refused
REQUEST		vets	1716296018546	1716296018547	KO	j.n.ConnectException: Connection refused
USER	Vets Usage Scenario	END	1716296018547
USER	Owner Usage Scenario	END	1716296018547
USER	Vets Usage Scenario	START	1716296018646
USER	Owner Usage Scenario	START	1716296018646
REQUEST		vets	1716296018646	1716296018648	KO	j.n.ConnectException: Connection refused
REQUEST		owners	1716296018646	1716296018648	KO	j.n.ConnectException: Connection refused
USER	Owner Usage Scenario	END	1716296018648
USER	Vets Usage Scenario	END	1716296018648
USER	Owner Usage Scenario	START	1716296018746
USER	Vets Usage Scenario	START	1716296018746
REQUEST		owners	1716296018745	1716296018747	KO	j.n.ConnectException: Connection refused
REQUEST		vets	1716296018746	1716296018747	KO	j.n.ConnectException: Connection refused
USER	Owner Usage Scenario	END	1716296018747
USER	Vets Usage Scenario	END	1716296018747
USER	Owner Usage Scenario	START	1716296018846
REQUEST		owners	1716296018845	1716296018846	KO	j.n.ConnectException: Connection refused
USER	Vets Usage Scenario	START	1716296018846
USER	Owner Usage Scenario	END	1716296018846
REQUEST		vets	1716296018846	1716296018847	KO	j.n.ConnectException: Connection refused
USER	Vets Usage Scenario	END	1716296018847
USER	Owner Usage Scenario	START	1716296018947
USER	Vets Usage Scenario	START	1716296018947
REQUEST		owners	1716296018946	1716296018948	KO	j.n.ConnectException: Connection refused
REQUEST		vets	1716296018947	1716296018948	KO	j.n.ConnectException: Connection refused
USER	Owner Usage Scenario	END	1716296018948
USER	Vets Usage Scenario	END	1716296018948
USER	Vets Usage Scenario	START	1716296019046
USER	Owner Usage Scenario	START	1716296019046
REQUEST		owners	1716296019046	1716296019047	KO	j.n.ConnectException: Connection refused
REQUEST		vets	1716296019045	1716296019047	KO	j.n.ConnectException: Connection refused
USER	Owner Usage Scenario	END	1716296019047
USER	Vets Usage Scenario	END	1716296019047
USER	Vets Usage Scenario	START	1716296019146
USER	Owner Usage Scenario	START	1716296019146
REQUEST		owners	1716296019145	1716296019147	KO	j.n.ConnectException: Connection refused
REQUEST		vets	1716296019145	1716296019147	KO	j.n.ConnectException: Connection refused
USER	Vets Usage Scenario	END	1716296019147
USER	Owner Usage Scenario	END	1716296019147
USER	Owner Usage Scenario	START	1716296019246
USER	Vets Usage Scenario	START	1716296019246
REQUEST		owners	1716296019245	1716296019246	KO	j.n.ConnectException: Connection refused
USER	Owner Usage Scenario	END	1716296019247
REQUEST		vets	1716296019246	1716296019247	KO	j.n.ConnectException: Connection refused
USER	Vets Usage Scenario	END	1716296019247
USER	Owner Usage Scenario	START	1716296019346
USER	Vets Usage Scenario	START	1716296019346
REQUEST		owners	1716296019346	1716296019347	KO	j.n.ConnectException: Connection refused
REQUEST		vets	1716296019346	1716296019347	KO	j.n.ConnectException: Connection refused
USER	Vets Usage Scenario	END	1716296019347
USER	Owner Usage Scenario	END	1716296019348
USER	Owner Usage Scenario	START	1716296019447
USER	Vets Usage Scenario	START	1716296019448
REQUEST		owners	1716296019446	1716296019448	KO	j.n.ConnectException: Connection refused
USER	Owner Usage Scenario	END	1716296019448
REQUEST		vets	1716296019446	1716296019448	KO	j.n.ConnectException: Connection refused
USER	Vets Usage Scenario	END	1716296019449
USER	Vets Usage Scenario	START	1716296019546
USER	Owner Usage Scenario	START	1716296019546
REQUEST		vets	1716296019545	1716296019547	KO	j.n.ConnectException: Connection refused
USER	Vets Usage Scenario	END	1716296019547
REQUEST		owners	1716296019546	1716296019547	KO	j.n.ConnectException: Connection refused
USER	Owner Usage Scenario	END	1716296019547
USER	Vets Usage Scenario	START	1716296019647
USER	Owner Usage Scenario	START	1716296019647
REQUEST		owners	1716296019646	1716296019648	KO	j.n.ConnectException: Connection refused
REQUEST		vets	1716296019646	1716296019648	KO	j.n.ConnectException: Connection refused
USER	Vets Usage Scenario	END	1716296019648
USER	Owner Usage Scenario	END	1716296019648
USER	Owner Usage Scenario	START	1716296019747
USER	Vets Usage Scenario	START	1716296019747
REQUEST		owners	1716296019746	1716296019748	KO	j.n.ConnectException: Connection refused
REQUEST		vets	1716296019746	1716296019748	KO	j.n.ConnectException: Connection refused
USER	Vets Usage Scenario	END	1716296019748
USER	Owner Usage Scenario	END	1716296019748
USER	Owner Usage Scenario	START	1716296019847
USER	Vets Usage Scenario	START	1716296019847
REQUEST		owners	1716296019847	1716296019848	KO	j.n.ConnectException: Connection refused
REQUEST		vets	1716296019847	1716296019848	KO	j.n.ConnectException: Connection refused
USER	Vets Usage Scenario	END	1716296019848
USER	Owner Usage Scenario	END	1716296019849
