RUN	org.springframework.samples.petclinic.gatling.simulations.VetsCustomers	vetscustomers	1716297353960	 	3.10.5
USER	Vets Usage Scenario	START	1716297354093
USER	Owner Usage Scenario	START	1716297354093
REQUEST		vets	1716297354092	1716297354093	KO	j.n.ConnectException: Connection refused
REQUEST		owners	1716297354092	1716297354094	KO	j.n.ConnectException: Connection refused
USER	Owner Usage Scenario	END	1716297354094
USER	Vets Usage Scenario	END	1716297354094
USER	Owner Usage Scenario	START	1716297354260
USER	Vets Usage Scenario	START	1716297354261
REQUEST		vets	1716297354260	1716297354262	KO	j.n.ConnectException: Connection refused
REQUEST		owners	1716297354259	1716297354262	KO	j.n.ConnectException: Connection refused
USER	Vets Usage Scenario	END	1716297354264
USER	Owner Usage Scenario	END	1716297354264
USER	Owner Usage Scenario	START	1716297354427
USER	Vets Usage Scenario	START	1716297354427
REQUEST		owners	1716297354426	1716297354430	KO	j.n.ConnectException: Connection refused
REQUEST		vets	1716297354426	1716297354431	KO	j.n.ConnectException: Connection refused
USER	Vets Usage Scenario	END	1716297354432
USER	Owner Usage Scenario	END	1716297354432
USER	Owner Usage Scenario	START	1716297354594
USER	Vets Usage Scenario	START	1716297354595
REQUEST		owners	1716297354593	1716297354597	KO	j.n.ConnectException: Connection refused
REQUEST		vets	1716297354593	1716297354597	KO	j.n.ConnectException: Connection refused
USER	Owner Usage Scenario	END	1716297354598
USER	Vets Usage Scenario	END	1716297354598
USER	Vets Usage Scenario	START	1716297354760
USER	Owner Usage Scenario	START	1716297354761
REQUEST		vets	1716297354759	1716297354762	KO	j.n.ConnectException: Connection refused
REQUEST		owners	1716297354759	1716297354763	KO	j.n.ConnectException: Connection refused
USER	Vets Usage Scenario	END	1716297354763
USER	Owner Usage Scenario	END	1716297354764
USER	Owner Usage Scenario	START	1716297354927
USER	Vets Usage Scenario	START	1716297354927
REQUEST		vets	1716297354926	1716297354930	KO	j.n.ConnectException: Connection refused
REQUEST		owners	1716297354926	1716297354930	KO	j.n.ConnectException: Connection refused
USER	Vets Usage Scenario	END	1716297354930
USER	Owner Usage Scenario	END	1716297354930
