RUN	org.springframework.samples.petclinic.gatling.simulations.VetsCustomers	vetscustomers	1716297199642	 	3.10.5
USER	Vets Usage Scenario	START	1716297199895
USER	Owner Usage Scenario	START	1716297199895
REQUEST		owners	1716297199894	1716297199906	KO	j.n.ConnectException: Connection refused
REQUEST		vets	1716297199894	1716297199906	KO	j.n.ConnectException: Connection refused
USER	Vets Usage Scenario	END	1716297199911
USER	Owner Usage Scenario	END	1716297199911
USER	Owner Usage Scenario	START	1716297200060
USER	Vets Usage Scenario	START	1716297200060
REQUEST		vets	1716297200060	1716297200061	KO	j.n.ConnectException: Connection refused
REQUEST		owners	1716297200059	1716297200061	KO	j.n.ConnectException: Connection refused
USER	Vets Usage Scenario	END	1716297200062
USER	Owner Usage Scenario	END	1716297200062
USER	Vets Usage Scenario	START	1716297200229
USER	Owner Usage Scenario	START	1716297200229
REQUEST		owners	1716297200227	1716297200232	KO	j.n.ConnectException: Connection refused
USER	Owner Usage Scenario	END	1716297200234
REQUEST		vets	1716297200227	1716297200236	KO	j.n.ConnectException: Connection refused
USER	Vets Usage Scenario	END	1716297200237
USER	Vets Usage Scenario	START	1716297200395
USER	Owner Usage Scenario	START	1716297200395
REQUEST		owners	1716297200394	1716297200398	KO	j.n.ConnectException: Connection refused
REQUEST		vets	1716297200394	1716297200398	KO	j.n.ConnectException: Connection refused
USER	Vets Usage Scenario	END	1716297200400
USER	Owner Usage Scenario	END	1716297200400
USER	Vets Usage Scenario	START	1716297200561
USER	Owner Usage Scenario	START	1716297200561
REQUEST		owners	1716297200560	1716297200563	KO	j.n.ConnectException: Connection refused
USER	Owner Usage Scenario	END	1716297200564
REQUEST		vets	1716297200560	1716297200564	KO	j.n.ConnectException: Connection refused
USER	Vets Usage Scenario	END	1716297200564
USER	Owner Usage Scenario	START	1716297200729
USER	Vets Usage Scenario	START	1716297200729
REQUEST		vets	1716297200727	1716297200732	KO	j.n.ConnectException: Connection refused
REQUEST		owners	1716297200727	1716297200732	KO	j.n.ConnectException: Connection refused
USER	Owner Usage Scenario	END	1716297200734
USER	Vets Usage Scenario	END	1716297200734
