RUN	org.springframework.samples.petclinic.gatling.simulations.VetsCustomers	vetscustomers	1716296222893	 	3.10.5
USER	Owner Usage Scenario	START	1716296223357
USER	Vets Usage Scenario	START	1716296223357
REQUEST		owners	1716296223354	1716296223358	KO	j.n.ConnectException: Connection refused
REQUEST		vets	1716296223354	1716296223358	KO	j.n.ConnectException: Connection refused
USER	Owner Usage Scenario	END	1716296223361
USER	Vets Usage Scenario	END	1716296223361
USER	Owner Usage Scenario	START	1716296223440
USER	Vets Usage Scenario	START	1716296223440
REQUEST		owners	1716296223439	1716296223440	KO	j.n.ConnectException: Connection refused
REQUEST		vets	1716296223440	1716296223440	KO	j.n.ConnectException: Connection refused
USER	Owner Usage Scenario	END	1716296223441
USER	Vets Usage Scenario	END	1716296223441
USER	Owner Usage Scenario	START	1716296223540
REQUEST		owners	1716296223539	1716296223540	KO	j.n.ConnectException: Connection refused
USER	Owner Usage Scenario	END	1716296223541
USER	Vets Usage Scenario	START	1716296223541
REQUEST		vets	1716296223540	1716296223541	KO	j.n.ConnectException: Connection refused
USER	Vets Usage Scenario	END	1716296223541
USER	Owner Usage Scenario	START	1716296223641
USER	Vets Usage Scenario	START	1716296223642
REQUEST		owners	1716296223640	1716296223643	KO	j.n.ConnectException: Connection refused
REQUEST		vets	1716296223642	1716296223643	KO	j.n.ConnectException: Connection refused
USER	Owner Usage Scenario	END	1716296223643
USER	Vets Usage Scenario	END	1716296223644
USER	Owner Usage Scenario	START	1716296223742
USER	Vets Usage Scenario	START	1716296223742
REQUEST		vets	1716296223741	1716296223743	KO	j.n.ConnectException: Connection refused
REQUEST		owners	1716296223740	1716296223743	KO	j.n.ConnectException: Connection refused
USER	Vets Usage Scenario	END	1716296223744
USER	Owner Usage Scenario	END	1716296223744
USER	Owner Usage Scenario	START	1716296223842
USER	Vets Usage Scenario	START	1716296223843
REQUEST		owners	1716296223841	1716296223844	KO	j.n.ConnectException: Connection refused
REQUEST		vets	1716296223841	1716296223844	KO	j.n.ConnectException: Connection refused
USER	Owner Usage Scenario	END	1716296223845
USER	Vets Usage Scenario	END	1716296223845
USER	Owner Usage Scenario	START	1716296223943
USER	Vets Usage Scenario	START	1716296223943
REQUEST		vets	1716296223942	1716296223944	KO	j.n.ConnectException: Connection refused
REQUEST		owners	1716296223941	1716296223944	KO	j.n.ConnectException: Connection refused
USER	Vets Usage Scenario	END	1716296223945
USER	Owner Usage Scenario	END	1716296223946
USER	Owner Usage Scenario	START	1716296224042
USER	Vets Usage Scenario	START	1716296224043
REQUEST		vets	1716296224042	1716296224045	KO	j.n.ConnectException: Connection refused
REQUEST		owners	1716296224041	1716296224045	KO	j.n.ConnectException: Connection refused
USER	Owner Usage Scenario	END	1716296224045
USER	Vets Usage Scenario	END	1716296224045
USER	Owner Usage Scenario	START	1716296224142
USER	Vets Usage Scenario	START	1716296224143
REQUEST		owners	1716296224140	1716296224143	KO	j.n.ConnectException: Connection refused
USER	Owner Usage Scenario	END	1716296224144
REQUEST		vets	1716296224142	1716296224145	KO	j.n.ConnectException: Connection refused
USER	Vets Usage Scenario	END	1716296224145
USER	Owner Usage Scenario	START	1716296224241
USER	Vets Usage Scenario	START	1716296224243
REQUEST		owners	1716296224240	1716296224243	KO	j.n.ConnectException: Connection refused
USER	Owner Usage Scenario	END	1716296224244
REQUEST		vets	1716296224242	1716296224245	KO	j.n.ConnectException: Connection refused
USER	Vets Usage Scenario	END	1716296224245
