RUN	org.springframework.samples.petclinic.gatling.simulations.VetsCustomers	vetscustomers	1716297256958	 	3.10.5
USER	Vets Usage Scenario	START	1716297257117
USER	Owner Usage Scenario	START	1716297257118
REQUEST		owners	1716297257117	1716297257120	KO	j.n.ConnectException: Connection refused
REQUEST		vets	1716297257116	1716297257119	KO	j.n.ConnectException: Connection refused
USER	Owner Usage Scenario	END	1716297257121
USER	Vets Usage Scenario	END	1716297257121
USER	Vets Usage Scenario	START	1716297257284
USER	Owner Usage Scenario	START	1716297257284
REQUEST		vets	1716297257283	1716297257285	KO	j.n.ConnectException: Connection refused
REQUEST		owners	1716297257283	1716297257285	KO	j.n.ConnectException: Connection refused
USER	Owner Usage Scenario	END	1716297257286
USER	Vets Usage Scenario	END	1716297257286
USER	Vets Usage Scenario	START	1716297257452
USER	Owner Usage Scenario	START	1716297257452
REQUEST		vets	1716297257451	1716297257455	KO	j.n.ConnectException: Connection refused
REQUEST		owners	1716297257452	1716297257455	KO	j.n.ConnectException: Connection refused
USER	Vets Usage Scenario	END	1716297257456
USER	Owner Usage Scenario	END	1716297257456
USER	Vets Usage Scenario	START	1716297257618
USER	Owner Usage Scenario	START	1716297257632
REQUEST		owners	1716297257630	1716297257644	KO	j.n.ConnectException: Connection refused
REQUEST		vets	1716297257617	1716297257644	KO	j.n.ConnectException: Connection refused
USER	Owner Usage Scenario	END	1716297257645
USER	Vets Usage Scenario	END	1716297257645
USER	Vets Usage Scenario	START	1716297257787
USER	Owner Usage Scenario	START	1716297257787
REQUEST		vets	1716297257785	1716297257790	KO	j.n.ConnectException: Connection refused
REQUEST		owners	1716297257786	1716297257790	KO	j.n.ConnectException: Connection refused
USER	Owner Usage Scenario	END	1716297257790
USER	Vets Usage Scenario	END	1716297257790
USER	Vets Usage Scenario	START	1716297257953
USER	Owner Usage Scenario	START	1716297257954
REQUEST		vets	1716297257952	1716297257956	KO	j.n.ConnectException: Connection refused
USER	Vets Usage Scenario	END	1716297257957
REQUEST		owners	1716297257953	1716297257957	KO	j.n.ConnectException: Connection refused
USER	Owner Usage Scenario	END	1716297257957
