RUN	org.springframework.samples.petclinic.gatling.simulations.VetsCustomers	vetscustomers	1716297202576	 	3.10.5
USER	Vets Usage Scenario	START	1716297202720
USER	Owner Usage Scenario	START	1716297202721
REQUEST		vets	1716297202719	1716297202722	KO	j.n.ConnectException: Connection refused
REQUEST		owners	1716297202720	1716297202722	KO	j.n.ConnectException: Connection refused
USER	Owner Usage Scenario	END	1716297202724
USER	Vets Usage Scenario	END	1716297202724
USER	Vets Usage Scenario	START	1716297202888
USER	Owner Usage Scenario	START	1716297202892
REQUEST		owners	1716297202886	1716297202895	KO	j.n.ConnectException: Connection refused
USER	Owner Usage Scenario	END	1716297202896
REQUEST		vets	1716297202886	1716297202904	KO	j.n.ConnectException: Connection refused
USER	Vets Usage Scenario	END	1716297202906
USER	Owner Usage Scenario	START	1716297203054
USER	Vets Usage Scenario	START	1716297203054
REQUEST		vets	1716297203053	1716297203058	KO	j.n.ConnectException: Connection refused
REQUEST		owners	1716297203053	1716297203058	KO	j.n.ConnectException: Connection refused
USER	Owner Usage Scenario	END	1716297203059
USER	Vets Usage Scenario	END	1716297203059
USER	Vets Usage Scenario	START	1716297203221
USER	Owner Usage Scenario	START	1716297203222
REQUEST		vets	1716297203220	1716297203224	KO	j.n.ConnectException: Connection refused
REQUEST		owners	1716297203220	1716297203224	KO	j.n.ConnectException: Connection refused
USER	Vets Usage Scenario	END	1716297203225
USER	Owner Usage Scenario	END	1716297203225
USER	Vets Usage Scenario	START	1716297203387
USER	Owner Usage Scenario	START	1716297203387
REQUEST		vets	1716297203386	1716297203389	KO	j.n.ConnectException: Connection refused
REQUEST		owners	1716297203387	1716297203390	KO	j.n.ConnectException: Connection refused
USER	Vets Usage Scenario	END	1716297203391
USER	Owner Usage Scenario	END	1716297203391
USER	Vets Usage Scenario	START	1716297203554
REQUEST		vets	1716297203553	1716297203557	KO	j.n.ConnectException: Connection refused
USER	Owner Usage Scenario	START	1716297203558
USER	Vets Usage Scenario	END	1716297203558
REQUEST		owners	1716297203557	1716297203560	KO	j.n.ConnectException: Connection refused
USER	Owner Usage Scenario	END	1716297203560
