RUN	org.springframework.samples.petclinic.gatling.simulations.VetsCustomers	vetscustomers	1716297328138	 	3.10.5
USER	Vets Usage Scenario	START	1716297328279
USER	Owner Usage Scenario	START	1716297328281
REQUEST		vets	1716297328278	1716297328281	KO	j.n.ConnectException: Connection refused
USER	Vets Usage Scenario	END	1716297328283
REQUEST		owners	1716297328280	1716297328283	KO	j.n.ConnectException: Connection refused
USER	Owner Usage Scenario	END	1716297328283
USER	Vets Usage Scenario	START	1716297328448
USER	Owner Usage Scenario	START	1716297328449
REQUEST		vets	1716297328447	1716297328450	KO	j.n.ConnectException: Connection refused
REQUEST		owners	1716297328446	1716297328451	KO	j.n.ConnectException: Connection refused
USER	Vets Usage Scenario	END	1716297328455
USER	Owner Usage Scenario	END	1716297328455
USER	Vets Usage Scenario	START	1716297328615
USER	Owner Usage Scenario	START	1716297328616
REQUEST		owners	1716297328615	1716297328619	KO	j.n.ConnectException: Connection refused
REQUEST		vets	1716297328613	1716297328620	KO	j.n.ConnectException: Connection refused
USER	Owner Usage Scenario	END	1716297328621
USER	Vets Usage Scenario	END	1716297328621
USER	Vets Usage Scenario	START	1716297328781
USER	Owner Usage Scenario	START	1716297328782
REQUEST		vets	1716297328780	1716297328783	KO	j.n.ConnectException: Connection refused
USER	Vets Usage Scenario	END	1716297328784
REQUEST		owners	1716297328781	1716297328784	KO	j.n.ConnectException: Connection refused
USER	Owner Usage Scenario	END	1716297328785
USER	Vets Usage Scenario	START	1716297328947
USER	Owner Usage Scenario	START	1716297328948
REQUEST		vets	1716297328947	1716297328949	KO	j.n.ConnectException: Connection refused
REQUEST		owners	1716297328947	1716297328949	KO	j.n.ConnectException: Connection refused
USER	Vets Usage Scenario	END	1716297328949
USER	Owner Usage Scenario	END	1716297328950
USER	Vets Usage Scenario	START	1716297329115
USER	Owner Usage Scenario	START	1716297329116
REQUEST		vets	1716297329114	1716297329117	KO	j.n.ConnectException: Connection refused
USER	Vets Usage Scenario	END	1716297329117
REQUEST		owners	1716297329115	1716297329117	KO	j.n.ConnectException: Connection refused
USER	Owner Usage Scenario	END	1716297329118
