RUN	org.springframework.samples.petclinic.gatling.simulations.VetsCustomers	vetscustomers	1716296156590	 	3.10.5
USER	Owner Usage Scenario	START	1716296157001
USER	Vets Usage Scenario	START	1716296157001
REQUEST		owners	1716296156994	1716296157003	KO	j.n.ConnectException: Connection refused
REQUEST		vets	1716296156994	1716296157002	KO	j.n.ConnectException: Connection refused
USER	Owner Usage Scenario	END	1716296157005
USER	Vets Usage Scenario	END	1716296157006
USER	Vets Usage Scenario	START	1716296157079
USER	Owner Usage Scenario	START	1716296157079
REQUEST		vets	1716296157079	1716296157080	KO	j.n.ConnectException: Connection refused
REQUEST		owners	1716296157079	1716296157080	KO	j.n.ConnectException: Connection refused
USER	Owner Usage Scenario	END	1716296157080
USER	Vets Usage Scenario	END	1716296157080
USER	Owner Usage Scenario	START	1716296157179
REQUEST		owners	1716296157179	1716296157180	KO	j.n.ConnectException: Connection refused
USER	Owner Usage Scenario	END	1716296157180
USER	Vets Usage Scenario	START	1716296157180
REQUEST		vets	1716296157180	1716296157181	KO	j.n.ConnectException: Connection refused
USER	Vets Usage Scenario	END	1716296157181
USER	Owner Usage Scenario	START	1716296157281
USER	Vets Usage Scenario	START	1716296157281
REQUEST		owners	1716296157280	1716296157282	KO	j.n.ConnectException: Connection refused
REQUEST		vets	1716296157280	1716296157282	KO	j.n.ConnectException: Connection refused
USER	Vets Usage Scenario	END	1716296157283
USER	Owner Usage Scenario	END	1716296157283
USER	Owner Usage Scenario	START	1716296157381
USER	Vets Usage Scenario	START	1716296157381
REQUEST		owners	1716296157380	1716296157382	KO	j.n.ConnectException: Connection refused
REQUEST		vets	1716296157380	1716296157383	KO	j.n.ConnectException: Connection refused
USER	Owner Usage Scenario	END	1716296157383
USER	Vets Usage Scenario	END	1716296157383
USER	Owner Usage Scenario	START	1716296157480
REQUEST		owners	1716296157479	1716296157481	KO	j.n.ConnectException: Connection refused
USER	Vets Usage Scenario	START	1716296157481
USER	Owner Usage Scenario	END	1716296157481
REQUEST		vets	1716296157481	1716296157482	KO	j.n.ConnectException: Connection refused
USER	Vets Usage Scenario	END	1716296157482
USER	Owner Usage Scenario	START	1716296157580
REQUEST		owners	1716296157579	1716296157580	KO	j.n.ConnectException: Connection refused
USER	Vets Usage Scenario	START	1716296157580
USER	Owner Usage Scenario	END	1716296157581
REQUEST		vets	1716296157580	1716296157581	KO	j.n.ConnectException: Connection refused
USER	Vets Usage Scenario	END	1716296157582
USER	Owner Usage Scenario	START	1716296157679
REQUEST		owners	1716296157679	1716296157680	KO	j.n.ConnectException: Connection refused
USER	Owner Usage Scenario	END	1716296157680
USER	Vets Usage Scenario	START	1716296157681
REQUEST		vets	1716296157681	1716296157682	KO	j.n.ConnectException: Connection refused
USER	Vets Usage Scenario	END	1716296157682
USER	Owner Usage Scenario	START	1716296157780
REQUEST		owners	1716296157779	1716296157781	KO	j.n.ConnectException: Connection refused
USER	Vets Usage Scenario	START	1716296157781
USER	Owner Usage Scenario	END	1716296157781
REQUEST		vets	1716296157781	1716296157782	KO	j.n.ConnectException: Connection refused
USER	Vets Usage Scenario	END	1716296157783
USER	Owner Usage Scenario	START	1716296157881
REQUEST		owners	1716296157879	1716296157882	KO	j.n.ConnectException: Connection refused
USER	Vets Usage Scenario	START	1716296157882
USER	Owner Usage Scenario	END	1716296157882
REQUEST		vets	1716296157881	1716296157883	KO	j.n.ConnectException: Connection refused
USER	Vets Usage Scenario	END	1716296157883
USER	Owner Usage Scenario	START	1716296157980
REQUEST		owners	1716296157980	1716296157982	KO	j.n.ConnectException: Connection refused
USER	Owner Usage Scenario	END	1716296157982
USER	Vets Usage Scenario	START	1716296157982
REQUEST		vets	1716296157982	1716296157983	KO	j.n.ConnectException: Connection refused
USER	Vets Usage Scenario	END	1716296157984
USER	Owner Usage Scenario	START	1716296158079
REQUEST		owners	1716296158079	1716296158080	KO	j.n.ConnectException: Connection refused
USER	Owner Usage Scenario	END	1716296158081
USER	Vets Usage Scenario	START	1716296158081
REQUEST		vets	1716296158081	1716296158082	KO	j.n.ConnectException: Connection refused
USER	Vets Usage Scenario	END	1716296158083
USER	Owner Usage Scenario	START	1716296158180
USER	Vets Usage Scenario	START	1716296158182
REQUEST		owners	1716296158180	1716296158182	KO	j.n.ConnectException: Connection refused
USER	Owner Usage Scenario	END	1716296158182
REQUEST		vets	1716296158181	1716296158183	KO	j.n.ConnectException: Connection refused
USER	Vets Usage Scenario	END	1716296158183
USER	Owner Usage Scenario	START	1716296158280
REQUEST		owners	1716296158279	1716296158282	KO	j.n.ConnectException: Connection refused
USER	Owner Usage Scenario	END	1716296158282
USER	Vets Usage Scenario	START	1716296158283
REQUEST		vets	1716296158282	1716296158284	KO	j.n.ConnectException: Connection refused
USER	Vets Usage Scenario	END	1716296158285
USER	Owner Usage Scenario	START	1716296158380
REQUEST		owners	1716296158380	1716296158381	KO	j.n.ConnectException: Connection refused
USER	Owner Usage Scenario	END	1716296158382
USER	Vets Usage Scenario	START	1716296158382
REQUEST		vets	1716296158382	1716296158383	KO	j.n.ConnectException: Connection refused
USER	Vets Usage Scenario	END	1716296158383
USER	Owner Usage Scenario	START	1716296158480
REQUEST		owners	1716296158479	1716296158481	KO	j.n.ConnectException: Connection refused
USER	Owner Usage Scenario	END	1716296158482
USER	Vets Usage Scenario	START	1716296158482
REQUEST		vets	1716296158481	1716296158483	KO	j.n.ConnectException: Connection refused
USER	Vets Usage Scenario	END	1716296158484
USER	Owner Usage Scenario	START	1716296158581
REQUEST		owners	1716296158580	1716296158583	KO	j.n.ConnectException: Connection refused
USER	Owner Usage Scenario	END	1716296158584
USER	Vets Usage Scenario	START	1716296158584
REQUEST		vets	1716296158583	1716296158585	KO	j.n.ConnectException: Connection refused
USER	Vets Usage Scenario	END	1716296158585
USER	Owner Usage Scenario	START	1716296158680
REQUEST		owners	1716296158679	1716296158681	KO	j.n.ConnectException: Connection refused
USER	Owner Usage Scenario	END	1716296158681
USER	Vets Usage Scenario	START	1716296158682
REQUEST		vets	1716296158682	1716296158683	KO	j.n.ConnectException: Connection refused
USER	Vets Usage Scenario	END	1716296158683
USER	Owner Usage Scenario	START	1716296158780
USER	Vets Usage Scenario	START	1716296158782
REQUEST		owners	1716296158780	1716296158782	KO	j.n.ConnectException: Connection refused
USER	Owner Usage Scenario	END	1716296158782
REQUEST		vets	1716296158781	1716296158783	KO	j.n.ConnectException: Connection refused
USER	Vets Usage Scenario	END	1716296158783
USER	Owner Usage Scenario	START	1716296158881
REQUEST		owners	1716296158880	1716296158883	KO	j.n.ConnectException: Connection refused
USER	Vets Usage Scenario	START	1716296158883
USER	Owner Usage Scenario	END	1716296158883
REQUEST		vets	1716296158882	1716296158885	KO	j.n.ConnectException: Connection refused
USER	Vets Usage Scenario	END	1716296158885
USER	Owner Usage Scenario	START	1716296158981
REQUEST		owners	1716296158980	1716296158982	KO	j.n.ConnectException: Connection refused
USER	Owner Usage Scenario	END	1716296158983
USER	Vets Usage Scenario	START	1716296158983
REQUEST		vets	1716296158982	1716296158984	KO	j.n.ConnectException: Connection refused
USER	Vets Usage Scenario	END	1716296158985
USER	Vets Usage Scenario	START	1716296159080
USER	Owner Usage Scenario	START	1716296159080
REQUEST		owners	1716296159079	1716296159082	KO	j.n.ConnectException: Connection refused
REQUEST		vets	1716296159079	1716296159082	KO	j.n.ConnectException: Connection refused
USER	Vets Usage Scenario	END	1716296159082
USER	Owner Usage Scenario	END	1716296159082
USER	Vets Usage Scenario	START	1716296159180
USER	Owner Usage Scenario	START	1716296159180
REQUEST		owners	1716296159179	1716296159182	KO	j.n.ConnectException: Connection refused
REQUEST		vets	1716296159179	1716296159182	KO	j.n.ConnectException: Connection refused
USER	Owner Usage Scenario	END	1716296159182
USER	Vets Usage Scenario	END	1716296159182
USER	Vets Usage Scenario	START	1716296159280
USER	Owner Usage Scenario	START	1716296159280
REQUEST		owners	1716296159279	1716296159281	KO	j.n.ConnectException: Connection refused
REQUEST		vets	1716296159279	1716296159281	KO	j.n.ConnectException: Connection refused
USER	Vets Usage Scenario	END	1716296159281
USER	Owner Usage Scenario	END	1716296159281
USER	Vets Usage Scenario	START	1716296159380
USER	Owner Usage Scenario	START	1716296159380
REQUEST		owners	1716296159379	1716296159380	KO	j.n.ConnectException: Connection refused
REQUEST		vets	1716296159379	1716296159380	KO	j.n.ConnectException: Connection refused
USER	Owner Usage Scenario	END	1716296159381
USER	Vets Usage Scenario	END	1716296159381
USER	Vets Usage Scenario	START	1716296159480
USER	Owner Usage Scenario	START	1716296159480
REQUEST		vets	1716296159479	1716296159483	KO	j.n.ConnectException: Connection refused
REQUEST		owners	1716296159479	1716296159483	KO	j.n.ConnectException: Connection refused
USER	Owner Usage Scenario	END	1716296159484
USER	Vets Usage Scenario	END	1716296159484
USER	Owner Usage Scenario	START	1716296159580
USER	Vets Usage Scenario	START	1716296159580
REQUEST		owners	1716296159579	1716296159581	KO	j.n.ConnectException: Connection refused
REQUEST		vets	1716296159579	1716296159582	KO	j.n.ConnectException: Connection refused
USER	Owner Usage Scenario	END	1716296159582
USER	Vets Usage Scenario	END	1716296159582
USER	Owner Usage Scenario	START	1716296159680
USER	Vets Usage Scenario	START	1716296159680
REQUEST		vets	1716296159679	1716296159681	KO	j.n.ConnectException: Connection refused
REQUEST		owners	1716296159679	1716296159681	KO	j.n.ConnectException: Connection refused
USER	Owner Usage Scenario	END	1716296159681
USER	Vets Usage Scenario	END	1716296159681
USER	Owner Usage Scenario	START	1716296159780
USER	Vets Usage Scenario	START	1716296159780
REQUEST		vets	1716296159779	1716296159781	KO	j.n.ConnectException: Connection refused
REQUEST		owners	1716296159779	1716296159781	KO	j.n.ConnectException: Connection refused
USER	Owner Usage Scenario	END	1716296159782
USER	Vets Usage Scenario	END	1716296159782
USER	Owner Usage Scenario	START	1716296159881
USER	Vets Usage Scenario	START	1716296159881
REQUEST		owners	1716296159880	1716296159883	KO	j.n.ConnectException: Connection refused
REQUEST		vets	1716296159880	1716296159883	KO	j.n.ConnectException: Connection refused
USER	Vets Usage Scenario	END	1716296159884
USER	Owner Usage Scenario	END	1716296159884
USER	Vets Usage Scenario	START	1716296159981
USER	Owner Usage Scenario	START	1716296159981
REQUEST		vets	1716296159980	1716296159984	KO	j.n.ConnectException: Connection refused
REQUEST		owners	1716296159980	1716296159984	KO	j.n.ConnectException: Connection refused
USER	Owner Usage Scenario	END	1716296159985
USER	Vets Usage Scenario	END	1716296159985
USER	Vets Usage Scenario	START	1716296160080
USER	Owner Usage Scenario	START	1716296160080
REQUEST		owners	1716296160078	1716296160082	KO	j.n.ConnectException: Connection refused
REQUEST		vets	1716296160078	1716296160082	KO	j.n.ConnectException: Connection refused
USER	Owner Usage Scenario	END	1716296160082
USER	Vets Usage Scenario	END	1716296160083
USER	Vets Usage Scenario	START	1716296160180
USER	Owner Usage Scenario	START	1716296160180
REQUEST		owners	1716296160179	1716296160182	KO	j.n.ConnectException: Connection refused
REQUEST		vets	1716296160179	1716296160182	KO	j.n.ConnectException: Connection refused
USER	Vets Usage Scenario	END	1716296160183
USER	Owner Usage Scenario	END	1716296160183
USER	Owner Usage Scenario	START	1716296160279
USER	Vets Usage Scenario	START	1716296160279
REQUEST		owners	1716296160278	1716296160280	KO	j.n.ConnectException: Connection refused
REQUEST		vets	1716296160279	1716296160280	KO	j.n.ConnectException: Connection refused
USER	Owner Usage Scenario	END	1716296160282
USER	Vets Usage Scenario	END	1716296160282
USER	Vets Usage Scenario	START	1716296160380
USER	Owner Usage Scenario	START	1716296160380
REQUEST		vets	1716296160379	1716296160381	KO	j.n.ConnectException: Connection refused
REQUEST		owners	1716296160379	1716296160381	KO	j.n.ConnectException: Connection refused
USER	Owner Usage Scenario	END	1716296160382
USER	Vets Usage Scenario	END	1716296160382
USER	Owner Usage Scenario	START	1716296160480
USER	Vets Usage Scenario	START	1716296160480
REQUEST		vets	1716296160479	1716296160481	KO	j.n.ConnectException: Connection refused
REQUEST		owners	1716296160480	1716296160481	KO	j.n.ConnectException: Connection refused
USER	Vets Usage Scenario	END	1716296160482
USER	Owner Usage Scenario	END	1716296160482
USER	Vets Usage Scenario	START	1716296160580
USER	Owner Usage Scenario	START	1716296160580
REQUEST		owners	1716296160579	1716296160581	KO	j.n.ConnectException: Connection refused
REQUEST		vets	1716296160579	1716296160581	KO	j.n.ConnectException: Connection refused
USER	Vets Usage Scenario	END	1716296160581
USER	Owner Usage Scenario	END	1716296160581
USER	Owner Usage Scenario	START	1716296160679
USER	Vets Usage Scenario	START	1716296160680
REQUEST		owners	1716296160679	1716296160681	KO	j.n.ConnectException: Connection refused
USER	Owner Usage Scenario	END	1716296160681
REQUEST		vets	1716296160680	1716296160681	KO	j.n.ConnectException: Connection refused
USER	Vets Usage Scenario	END	1716296160681
USER	Owner Usage Scenario	START	1716296160780
REQUEST		owners	1716296160779	1716296160781	KO	j.n.ConnectException: Connection refused
USER	Owner Usage Scenario	END	1716296160782
USER	Vets Usage Scenario	START	1716296160782
REQUEST		vets	1716296160782	1716296160783	KO	j.n.ConnectException: Connection refused
USER	Vets Usage Scenario	END	1716296160783
USER	Owner Usage Scenario	START	1716296160880
USER	Vets Usage Scenario	START	1716296160881
REQUEST		owners	1716296160879	1716296160881	KO	j.n.ConnectException: Connection refused
USER	Owner Usage Scenario	END	1716296160881
REQUEST		vets	1716296160880	1716296160882	KO	j.n.ConnectException: Connection refused
USER	Vets Usage Scenario	END	1716296160882
USER	Owner Usage Scenario	START	1716296160980
USER	Vets Usage Scenario	START	1716296160980
REQUEST		owners	1716296160979	1716296160982	KO	j.n.ConnectException: Connection refused
REQUEST		vets	1716296160979	1716296160982	KO	j.n.ConnectException: Connection refused
USER	Owner Usage Scenario	END	1716296160982
USER	Vets Usage Scenario	END	1716296160982
USER	Vets Usage Scenario	START	1716296161079
USER	Owner Usage Scenario	START	1716296161079
REQUEST		owners	1716296161079	1716296161081	KO	j.n.ConnectException: Connection refused
REQUEST		vets	1716296161079	1716296161081	KO	j.n.ConnectException: Connection refused
USER	Vets Usage Scenario	END	1716296161081
USER	Owner Usage Scenario	END	1716296161081
USER	Owner Usage Scenario	START	1716296161180
USER	Vets Usage Scenario	START	1716296161180
REQUEST		vets	1716296161179	1716296161181	KO	j.n.ConnectException: Connection refused
REQUEST		owners	1716296161179	1716296161181	KO	j.n.ConnectException: Connection refused
USER	Vets Usage Scenario	END	1716296161181
USER	Owner Usage Scenario	END	1716296161181
USER	Owner Usage Scenario	START	1716296161280
USER	Vets Usage Scenario	START	1716296161280
REQUEST		owners	1716296161279	1716296161282	KO	j.n.ConnectException: Connection refused
REQUEST		vets	1716296161279	1716296161282	KO	j.n.ConnectException: Connection refused
USER	Vets Usage Scenario	END	1716296161282
USER	Owner Usage Scenario	END	1716296161282
USER	Owner Usage Scenario	START	1716296161380
USER	Vets Usage Scenario	START	1716296161380
REQUEST		vets	1716296161379	1716296161382	KO	j.n.ConnectException: Connection refused
REQUEST		owners	1716296161379	1716296161382	KO	j.n.ConnectException: Connection refused
USER	Owner Usage Scenario	END	1716296161382
USER	Vets Usage Scenario	END	1716296161382
USER	Owner Usage Scenario	START	1716296161480
USER	Vets Usage Scenario	START	1716296161480
REQUEST		vets	1716296161479	1716296161481	KO	j.n.ConnectException: Connection refused
REQUEST		owners	1716296161479	1716296161481	KO	j.n.ConnectException: Connection refused
USER	Owner Usage Scenario	END	1716296161482
USER	Vets Usage Scenario	END	1716296161482
USER	Vets Usage Scenario	START	1716296161580
USER	Owner Usage Scenario	START	1716296161580
REQUEST		owners	1716296161579	1716296161581	KO	j.n.ConnectException: Connection refused
REQUEST		vets	1716296161579	1716296161581	KO	j.n.ConnectException: Connection refused
USER	Owner Usage Scenario	END	1716296161582
USER	Vets Usage Scenario	END	1716296161582
USER	Vets Usage Scenario	START	1716296161680
USER	Owner Usage Scenario	START	1716296161680
REQUEST		vets	1716296161679	1716296161682	KO	j.n.ConnectException: Connection refused
REQUEST		owners	1716296161680	1716296161682	KO	j.n.ConnectException: Connection refused
USER	Vets Usage Scenario	END	1716296161682
USER	Owner Usage Scenario	END	1716296161682
USER	Owner Usage Scenario	START	1716296161780
USER	Vets Usage Scenario	START	1716296161780
REQUEST		vets	1716296161779	1716296161782	KO	j.n.ConnectException: Connection refused
REQUEST		owners	1716296161780	1716296161782	KO	j.n.ConnectException: Connection refused
USER	Owner Usage Scenario	END	1716296161782
USER	Vets Usage Scenario	END	1716296161782
USER	Vets Usage Scenario	START	1716296161880
USER	Owner Usage Scenario	START	1716296161880
REQUEST		vets	1716296161879	1716296161881	KO	j.n.ConnectException: Connection refused
REQUEST		owners	1716296161880	1716296161881	KO	j.n.ConnectException: Connection refused
USER	Vets Usage Scenario	END	1716296161882
USER	Owner Usage Scenario	END	1716296161882
USER	Vets Usage Scenario	START	1716296161981
USER	Owner Usage Scenario	START	1716296161981
REQUEST		owners	1716296161980	1716296161982	KO	j.n.ConnectException: Connection refused
REQUEST		vets	1716296161980	1716296161982	KO	j.n.ConnectException: Connection refused
USER	Vets Usage Scenario	END	1716296161982
USER	Owner Usage Scenario	END	1716296161982
USER	Vets Usage Scenario	START	1716296162080
USER	Owner Usage Scenario	START	1716296162080
REQUEST		owners	1716296162079	1716296162081	KO	j.n.ConnectException: Connection refused
REQUEST		vets	1716296162079	1716296162081	KO	j.n.ConnectException: Connection refused
USER	Vets Usage Scenario	END	1716296162082
USER	Owner Usage Scenario	END	1716296162082
USER	Vets Usage Scenario	START	1716296162180
USER	Owner Usage Scenario	START	1716296162180
REQUEST		owners	1716296162179	1716296162181	KO	j.n.ConnectException: Connection refused
REQUEST		vets	1716296162179	1716296162181	KO	j.n.ConnectException: Connection refused
USER	Owner Usage Scenario	END	1716296162182
USER	Vets Usage Scenario	END	1716296162182
USER	Vets Usage Scenario	START	1716296162280
USER	Owner Usage Scenario	START	1716296162280
REQUEST		owners	1716296162279	1716296162281	KO	j.n.ConnectException: Connection refused
REQUEST		vets	1716296162279	1716296162281	KO	j.n.ConnectException: Connection refused
USER	Owner Usage Scenario	END	1716296162282
USER	Vets Usage Scenario	END	1716296162282
USER	Vets Usage Scenario	START	1716296162380
USER	Owner Usage Scenario	START	1716296162380
REQUEST		vets	1716296162379	1716296162381	KO	j.n.ConnectException: Connection refused
REQUEST		owners	1716296162379	1716296162381	KO	j.n.ConnectException: Connection refused
USER	Vets Usage Scenario	END	1716296162382
USER	Owner Usage Scenario	END	1716296162382
USER	Vets Usage Scenario	START	1716296162481
USER	Owner Usage Scenario	START	1716296162481
REQUEST		vets	1716296162479	1716296162482	KO	j.n.ConnectException: Connection refused
REQUEST		owners	1716296162479	1716296162482	KO	j.n.ConnectException: Connection refused
USER	Vets Usage Scenario	END	1716296162482
USER	Owner Usage Scenario	END	1716296162482
USER	Owner Usage Scenario	START	1716296162580
USER	Vets Usage Scenario	START	1716296162580
REQUEST		vets	1716296162579	1716296162581	KO	j.n.ConnectException: Connection refused
REQUEST		owners	1716296162579	1716296162581	KO	j.n.ConnectException: Connection refused
USER	Owner Usage Scenario	END	1716296162581
USER	Vets Usage Scenario	END	1716296162581
USER	Owner Usage Scenario	START	1716296162680
USER	Vets Usage Scenario	START	1716296162680
REQUEST		owners	1716296162679	1716296162681	KO	j.n.ConnectException: Connection refused
REQUEST		vets	1716296162679	1716296162681	KO	j.n.ConnectException: Connection refused
USER	Owner Usage Scenario	END	1716296162681
USER	Vets Usage Scenario	END	1716296162681
USER	Vets Usage Scenario	START	1716296162780
USER	Owner Usage Scenario	START	1716296162780
REQUEST		owners	1716296162779	1716296162781	KO	j.n.ConnectException: Connection refused
REQUEST		vets	1716296162779	1716296162781	KO	j.n.ConnectException: Connection refused
USER	Vets Usage Scenario	END	1716296162782
USER	Owner Usage Scenario	END	1716296162782
USER	Owner Usage Scenario	START	1716296162880
USER	Vets Usage Scenario	START	1716296162880
REQUEST		owners	1716296162880	1716296162881	KO	j.n.ConnectException: Connection refused
REQUEST		vets	1716296162880	1716296162881	KO	j.n.ConnectException: Connection refused
USER	Owner Usage Scenario	END	1716296162882
USER	Vets Usage Scenario	END	1716296162882
USER	Owner Usage Scenario	START	1716296162980
USER	Vets Usage Scenario	START	1716296162980
REQUEST		owners	1716296162980	1716296162982	KO	j.n.ConnectException: Connection refused
REQUEST		vets	1716296162980	1716296162982	KO	j.n.ConnectException: Connection refused
USER	Vets Usage Scenario	END	1716296162982
USER	Owner Usage Scenario	END	1716296162982
USER	Owner Usage Scenario	START	1716296163080
USER	Vets Usage Scenario	START	1716296163080
REQUEST		vets	1716296163079	1716296163081	KO	j.n.ConnectException: Connection refused
REQUEST		owners	1716296163079	1716296163081	KO	j.n.ConnectException: Connection refused
USER	Vets Usage Scenario	END	1716296163082
USER	Owner Usage Scenario	END	1716296163082
USER	Vets Usage Scenario	START	1716296163180
USER	Owner Usage Scenario	START	1716296163180
REQUEST		owners	1716296163179	1716296163182	KO	j.n.ConnectException: Connection refused
REQUEST		vets	1716296163179	1716296163181	KO	j.n.ConnectException: Connection refused
USER	Vets Usage Scenario	END	1716296163182
USER	Owner Usage Scenario	END	1716296163182
USER	Vets Usage Scenario	START	1716296163280
USER	Owner Usage Scenario	START	1716296163280
REQUEST		owners	1716296163279	1716296163281	KO	j.n.ConnectException: Connection refused
REQUEST		vets	1716296163279	1716296163281	KO	j.n.ConnectException: Connection refused
USER	Owner Usage Scenario	END	1716296163282
USER	Vets Usage Scenario	END	1716296163282
USER	Vets Usage Scenario	START	1716296163380
USER	Owner Usage Scenario	START	1716296163380
REQUEST		vets	1716296163379	1716296163382	KO	j.n.ConnectException: Connection refused
REQUEST		owners	1716296163379	1716296163382	KO	j.n.ConnectException: Connection refused
USER	Vets Usage Scenario	END	1716296163382
USER	Owner Usage Scenario	END	1716296163382
USER	Vets Usage Scenario	START	1716296163481
USER	Owner Usage Scenario	START	1716296163481
REQUEST		vets	1716296163480	1716296163482	KO	j.n.ConnectException: Connection refused
REQUEST		owners	1716296163480	1716296163482	KO	j.n.ConnectException: Connection refused
USER	Owner Usage Scenario	END	1716296163482
USER	Vets Usage Scenario	END	1716296163482
USER	Vets Usage Scenario	START	1716296163580
USER	Owner Usage Scenario	START	1716296163580
REQUEST		owners	1716296163579	1716296163582	KO	j.n.ConnectException: Connection refused
REQUEST		vets	1716296163579	1716296163582	KO	j.n.ConnectException: Connection refused
USER	Owner Usage Scenario	END	1716296163582
USER	Vets Usage Scenario	END	1716296163582
USER	Owner Usage Scenario	START	1716296163680
USER	Vets Usage Scenario	START	1716296163680
REQUEST		owners	1716296163679	1716296163682	KO	j.n.ConnectException: Connection refused
REQUEST		vets	1716296163679	1716296163682	KO	j.n.ConnectException: Connection refused
USER	Owner Usage Scenario	END	1716296163682
USER	Vets Usage Scenario	END	1716296163682
USER	Vets Usage Scenario	START	1716296163780
USER	Owner Usage Scenario	START	1716296163780
REQUEST		owners	1716296163779	1716296163782	KO	j.n.ConnectException: Connection refused
REQUEST		vets	1716296163779	1716296163782	KO	j.n.ConnectException: Connection refused
USER	Owner Usage Scenario	END	1716296163782
USER	Vets Usage Scenario	END	1716296163782
USER	Owner Usage Scenario	START	1716296163881
USER	Vets Usage Scenario	START	1716296163881
REQUEST		owners	1716296163880	1716296163882	KO	j.n.ConnectException: Connection refused
REQUEST		vets	1716296163880	1716296163882	KO	j.n.ConnectException: Connection refused
USER	Vets Usage Scenario	END	1716296163882
USER	Owner Usage Scenario	END	1716296163882
USER	Vets Usage Scenario	START	1716296163981
USER	Owner Usage Scenario	START	1716296163981
REQUEST		vets	1716296163980	1716296163982	KO	j.n.ConnectException: Connection refused
REQUEST		owners	1716296163980	1716296163982	KO	j.n.ConnectException: Connection refused
USER	Owner Usage Scenario	END	1716296163982
USER	Vets Usage Scenario	END	1716296163982
USER	Owner Usage Scenario	START	1716296164080
USER	Vets Usage Scenario	START	1716296164080
REQUEST		owners	1716296164079	1716296164081	KO	j.n.ConnectException: Connection refused
REQUEST		vets	1716296164079	1716296164081	KO	j.n.ConnectException: Connection refused
USER	Vets Usage Scenario	END	1716296164081
USER	Owner Usage Scenario	END	1716296164081
USER	Vets Usage Scenario	START	1716296164180
USER	Owner Usage Scenario	START	1716296164180
REQUEST		vets	1716296164179	1716296164181	KO	j.n.ConnectException: Connection refused
REQUEST		owners	1716296164179	1716296164181	KO	j.n.ConnectException: Connection refused
USER	Vets Usage Scenario	END	1716296164181
USER	Owner Usage Scenario	END	1716296164181
USER	Vets Usage Scenario	START	1716296164280
USER	Owner Usage Scenario	START	1716296164280
REQUEST		owners	1716296164279	1716296164281	KO	j.n.ConnectException: Connection refused
REQUEST		vets	1716296164279	1716296164281	KO	j.n.ConnectException: Connection refused
USER	Owner Usage Scenario	END	1716296164281
USER	Vets Usage Scenario	END	1716296164281
USER	Owner Usage Scenario	START	1716296164380
USER	Vets Usage Scenario	START	1716296164380
REQUEST		vets	1716296164379	1716296164382	KO	j.n.ConnectException: Connection refused
REQUEST		owners	1716296164379	1716296164382	KO	j.n.ConnectException: Connection refused
USER	Vets Usage Scenario	END	1716296164382
USER	Owner Usage Scenario	END	1716296164382
USER	Vets Usage Scenario	START	1716296164479
USER	Owner Usage Scenario	START	1716296164479
REQUEST		vets	1716296164479	1716296164480	KO	j.n.ConnectException: Connection refused
REQUEST		owners	1716296164479	1716296164480	KO	j.n.ConnectException: Connection refused
USER	Vets Usage Scenario	END	1716296164481
USER	Owner Usage Scenario	END	1716296164481
USER	Owner Usage Scenario	START	1716296164580
USER	Vets Usage Scenario	START	1716296164580
REQUEST		vets	1716296164579	1716296164581	KO	j.n.ConnectException: Connection refused
REQUEST		owners	1716296164579	1716296164581	KO	j.n.ConnectException: Connection refused
USER	Owner Usage Scenario	END	1716296164582
USER	Vets Usage Scenario	END	1716296164582
USER	Owner Usage Scenario	START	1716296164680
USER	Vets Usage Scenario	START	1716296164680
REQUEST		owners	1716296164680	1716296164682	KO	j.n.ConnectException: Connection refused
REQUEST		vets	1716296164680	1716296164682	KO	j.n.ConnectException: Connection refused
USER	Vets Usage Scenario	END	1716296164682
USER	Owner Usage Scenario	END	1716296164682
USER	Owner Usage Scenario	START	1716296164780
USER	Vets Usage Scenario	START	1716296164780
REQUEST		vets	1716296164779	1716296164781	KO	j.n.ConnectException: Connection refused
REQUEST		owners	1716296164779	1716296164780	KO	j.n.ConnectException: Connection refused
USER	Owner Usage Scenario	END	1716296164781
USER	Vets Usage Scenario	END	1716296164781
USER	Vets Usage Scenario	START	1716296164880
USER	Owner Usage Scenario	START	1716296164880
REQUEST		owners	1716296164879	1716296164881	KO	j.n.ConnectException: Connection refused
REQUEST		vets	1716296164879	1716296164881	KO	j.n.ConnectException: Connection refused
USER	Owner Usage Scenario	END	1716296164882
USER	Vets Usage Scenario	END	1716296164882
USER	Vets Usage Scenario	START	1716296164979
USER	Owner Usage Scenario	START	1716296164979
REQUEST		vets	1716296164979	1716296164980	KO	j.n.ConnectException: Connection refused
REQUEST		owners	1716296164979	1716296164980	KO	j.n.ConnectException: Connection refused
USER	Owner Usage Scenario	END	1716296164980
USER	Vets Usage Scenario	END	1716296164980
USER	Owner Usage Scenario	START	1716296165079
USER	Vets Usage Scenario	START	1716296165079
REQUEST		vets	1716296165078	1716296165079	KO	j.n.ConnectException: Connection refused
REQUEST		owners	1716296165078	1716296165079	KO	j.n.ConnectException: Connection refused
USER	Owner Usage Scenario	END	1716296165080
USER	Vets Usage Scenario	END	1716296165080
USER	Vets Usage Scenario	START	1716296165179
USER	Owner Usage Scenario	START	1716296165179
REQUEST		vets	1716296165179	1716296165180	KO	j.n.ConnectException: Connection refused
REQUEST		owners	1716296165179	1716296165180	KO	j.n.ConnectException: Connection refused
USER	Vets Usage Scenario	END	1716296165181
USER	Owner Usage Scenario	END	1716296165181
USER	Owner Usage Scenario	START	1716296165279
USER	Vets Usage Scenario	START	1716296165279
REQUEST		vets	1716296165279	1716296165281	KO	j.n.ConnectException: Connection refused
REQUEST		owners	1716296165279	1716296165281	KO	j.n.ConnectException: Connection refused
USER	Owner Usage Scenario	END	1716296165281
USER	Vets Usage Scenario	END	1716296165281
USER	Vets Usage Scenario	START	1716296165379
USER	Owner Usage Scenario	START	1716296165379
REQUEST		vets	1716296165378	1716296165380	KO	j.n.ConnectException: Connection refused
REQUEST		owners	1716296165378	1716296165380	KO	j.n.ConnectException: Connection refused
USER	Owner Usage Scenario	END	1716296165380
USER	Vets Usage Scenario	END	1716296165380
USER	Owner Usage Scenario	START	1716296165479
USER	Vets Usage Scenario	START	1716296165479
REQUEST		vets	1716296165479	1716296165481	KO	j.n.ConnectException: Connection refused
REQUEST		owners	1716296165479	1716296165481	KO	j.n.ConnectException: Connection refused
USER	Owner Usage Scenario	END	1716296165481
USER	Vets Usage Scenario	END	1716296165481
USER	Owner Usage Scenario	START	1716296165580
USER	Vets Usage Scenario	START	1716296165580
REQUEST		owners	1716296165579	1716296165581	KO	j.n.ConnectException: Connection refused
REQUEST		vets	1716296165579	1716296165581	KO	j.n.ConnectException: Connection refused
USER	Vets Usage Scenario	END	1716296165581
USER	Owner Usage Scenario	END	1716296165581
USER	Vets Usage Scenario	START	1716296165680
USER	Owner Usage Scenario	START	1716296165680
REQUEST		owners	1716296165679	1716296165681	KO	j.n.ConnectException: Connection refused
REQUEST		vets	1716296165679	1716296165681	KO	j.n.ConnectException: Connection refused
USER	Vets Usage Scenario	END	1716296165681
USER	Owner Usage Scenario	END	1716296165681
USER	Owner Usage Scenario	START	1716296165779
USER	Vets Usage Scenario	START	1716296165779
REQUEST		owners	1716296165779	1716296165780	KO	j.n.ConnectException: Connection refused
REQUEST		vets	1716296165779	1716296165780	KO	j.n.ConnectException: Connection refused
USER	Owner Usage Scenario	END	1716296165781
USER	Vets Usage Scenario	END	1716296165781
USER	Owner Usage Scenario	START	1716296165880
USER	Vets Usage Scenario	START	1716296165880
REQUEST		owners	1716296165879	1716296165881	KO	j.n.ConnectException: Connection refused
REQUEST		vets	1716296165879	1716296165881	KO	j.n.ConnectException: Connection refused
USER	Owner Usage Scenario	END	1716296165881
USER	Vets Usage Scenario	END	1716296165881
USER	Owner Usage Scenario	START	1716296165980
USER	Vets Usage Scenario	START	1716296165980
REQUEST		vets	1716296165979	1716296165981	KO	j.n.ConnectException: Connection refused
REQUEST		owners	1716296165979	1716296165981	KO	j.n.ConnectException: Connection refused
USER	Vets Usage Scenario	END	1716296165981
USER	Owner Usage Scenario	END	1716296165981
USER	Vets Usage Scenario	START	1716296166079
USER	Owner Usage Scenario	START	1716296166079
REQUEST		owners	1716296166079	1716296166080	KO	j.n.ConnectException: Connection refused
REQUEST		vets	1716296166079	1716296166080	KO	j.n.ConnectException: Connection refused
USER	Owner Usage Scenario	END	1716296166081
USER	Vets Usage Scenario	END	1716296166081
USER	Owner Usage Scenario	START	1716296166179
USER	Vets Usage Scenario	START	1716296166179
REQUEST		vets	1716296166179	1716296166180	KO	j.n.ConnectException: Connection refused
REQUEST		owners	1716296166178	1716296166180	KO	j.n.ConnectException: Connection refused
USER	Owner Usage Scenario	END	1716296166180
USER	Vets Usage Scenario	END	1716296166180
USER	Owner Usage Scenario	START	1716296166280
USER	Vets Usage Scenario	START	1716296166280
REQUEST		owners	1716296166279	1716296166281	KO	j.n.ConnectException: Connection refused
REQUEST		vets	1716296166279	1716296166281	KO	j.n.ConnectException: Connection refused
USER	Vets Usage Scenario	END	1716296166282
USER	Owner Usage Scenario	END	1716296166282
USER	Vets Usage Scenario	START	1716296166380
USER	Owner Usage Scenario	START	1716296166380
REQUEST		owners	1716296166379	1716296166381	KO	j.n.ConnectException: Connection refused
REQUEST		vets	1716296166379	1716296166381	KO	j.n.ConnectException: Connection refused
USER	Vets Usage Scenario	END	1716296166381
USER	Owner Usage Scenario	END	1716296166381
USER	Owner Usage Scenario	START	1716296166480
USER	Vets Usage Scenario	START	1716296166480
REQUEST		owners	1716296166479	1716296166481	KO	j.n.ConnectException: Connection refused
REQUEST		vets	1716296166479	1716296166481	KO	j.n.ConnectException: Connection refused
USER	Vets Usage Scenario	END	1716296166482
USER	Owner Usage Scenario	END	1716296166482
USER	Vets Usage Scenario	START	1716296166580
USER	Owner Usage Scenario	START	1716296166580
REQUEST		owners	1716296166579	1716296166581	KO	j.n.ConnectException: Connection refused
REQUEST		vets	1716296166579	1716296166581	KO	j.n.ConnectException: Connection refused
USER	Vets Usage Scenario	END	1716296166582
USER	Owner Usage Scenario	END	1716296166582
USER	Owner Usage Scenario	START	1716296166680
USER	Vets Usage Scenario	START	1716296166680
REQUEST		vets	1716296166679	1716296166682	KO	j.n.ConnectException: Connection refused
REQUEST		owners	1716296166679	1716296166682	KO	j.n.ConnectException: Connection refused
USER	Owner Usage Scenario	END	1716296166682
USER	Vets Usage Scenario	END	1716296166682
USER	Vets Usage Scenario	START	1716296166780
USER	Owner Usage Scenario	START	1716296166780
REQUEST		vets	1716296166779	1716296166781	KO	j.n.ConnectException: Connection refused
REQUEST		owners	1716296166779	1716296166782	KO	j.n.ConnectException: Connection refused
USER	Vets Usage Scenario	END	1716296166782
USER	Owner Usage Scenario	END	1716296166782
USER	Vets Usage Scenario	START	1716296166880
USER	Owner Usage Scenario	START	1716296166880
REQUEST		vets	1716296166880	1716296166882	KO	j.n.ConnectException: Connection refused
REQUEST		owners	1716296166880	1716296166882	KO	j.n.ConnectException: Connection refused
USER	Vets Usage Scenario	END	1716296166882
USER	Owner Usage Scenario	END	1716296166882
USER	Owner Usage Scenario	START	1716296166979
USER	Vets Usage Scenario	START	1716296166981
REQUEST		owners	1716296166978	1716296166981	KO	j.n.ConnectException: Connection refused
USER	Owner Usage Scenario	END	1716296166981
REQUEST		vets	1716296166980	1716296166982	KO	j.n.ConnectException: Connection refused
USER	Vets Usage Scenario	END	1716296166982
USER	Owner Usage Scenario	START	1716296167079
USER	Vets Usage Scenario	START	1716296167079
REQUEST		vets	1716296167078	1716296167080	KO	j.n.ConnectException: Connection refused
REQUEST		owners	1716296167078	1716296167080	KO	j.n.ConnectException: Connection refused
USER	Owner Usage Scenario	END	1716296167080
USER	Vets Usage Scenario	END	1716296167080
USER	Owner Usage Scenario	START	1716296167180
USER	Vets Usage Scenario	START	1716296167180
REQUEST		vets	1716296167178	1716296167182	KO	j.n.ConnectException: Connection refused
REQUEST		owners	1716296167179	1716296167182	KO	j.n.ConnectException: Connection refused
USER	Owner Usage Scenario	END	1716296167182
USER	Vets Usage Scenario	END	1716296167182
USER	Vets Usage Scenario	START	1716296167280
USER	Owner Usage Scenario	START	1716296167280
REQUEST		vets	1716296167279	1716296167282	KO	j.n.ConnectException: Connection refused
REQUEST		owners	1716296167279	1716296167282	KO	j.n.ConnectException: Connection refused
USER	Vets Usage Scenario	END	1716296167282
USER	Owner Usage Scenario	END	1716296167282
USER	Vets Usage Scenario	START	1716296167380
USER	Owner Usage Scenario	START	1716296167380
REQUEST		owners	1716296167379	1716296167381	KO	j.n.ConnectException: Connection refused
REQUEST		vets	1716296167379	1716296167381	KO	j.n.ConnectException: Connection refused
USER	Vets Usage Scenario	END	1716296167381
USER	Owner Usage Scenario	END	1716296167381
USER	Owner Usage Scenario	START	1716296167480
USER	Vets Usage Scenario	START	1716296167480
REQUEST		vets	1716296167479	1716296167481	KO	j.n.ConnectException: Connection refused
REQUEST		owners	1716296167479	1716296167481	KO	j.n.ConnectException: Connection refused
USER	Vets Usage Scenario	END	1716296167481
USER	Owner Usage Scenario	END	1716296167481
USER	Owner Usage Scenario	START	1716296167580
USER	Vets Usage Scenario	START	1716296167580
REQUEST		vets	1716296167579	1716296167581	KO	j.n.ConnectException: Connection refused
REQUEST		owners	1716296167579	1716296167581	KO	j.n.ConnectException: Connection refused
USER	Owner Usage Scenario	END	1716296167581
USER	Vets Usage Scenario	END	1716296167581
USER	Owner Usage Scenario	START	1716296167680
USER	Vets Usage Scenario	START	1716296167680
REQUEST		vets	1716296167679	1716296167680	KO	j.n.ConnectException: Connection refused
REQUEST		owners	1716296167679	1716296167680	KO	j.n.ConnectException: Connection refused
USER	Vets Usage Scenario	END	1716296167681
USER	Owner Usage Scenario	END	1716296167681
USER	Owner Usage Scenario	START	1716296167780
USER	Vets Usage Scenario	START	1716296167780
REQUEST		owners	1716296167779	1716296167781	KO	j.n.ConnectException: Connection refused
REQUEST		vets	1716296167780	1716296167781	KO	j.n.ConnectException: Connection refused
USER	Vets Usage Scenario	END	1716296167782
USER	Owner Usage Scenario	END	1716296167782
USER	Owner Usage Scenario	START	1716296167880
USER	Vets Usage Scenario	START	1716296167880
REQUEST		owners	1716296167879	1716296167881	KO	j.n.ConnectException: Connection refused
REQUEST		vets	1716296167880	1716296167881	KO	j.n.ConnectException: Connection refused
USER	Vets Usage Scenario	END	1716296167881
USER	Owner Usage Scenario	END	1716296167881
USER	Owner Usage Scenario	START	1716296167980
USER	Vets Usage Scenario	START	1716296167980
REQUEST		owners	1716296167979	1716296167981	KO	j.n.ConnectException: Connection refused
REQUEST		vets	1716296167979	1716296167981	KO	j.n.ConnectException: Connection refused
USER	Owner Usage Scenario	END	1716296167981
USER	Vets Usage Scenario	END	1716296167981
USER	Owner Usage Scenario	START	1716296168080
USER	Vets Usage Scenario	START	1716296168080
REQUEST		vets	1716296168079	1716296168081	KO	j.n.ConnectException: Connection refused
REQUEST		owners	1716296168079	1716296168081	KO	j.n.ConnectException: Connection refused
USER	Owner Usage Scenario	END	1716296168081
USER	Vets Usage Scenario	END	1716296168081
USER	Owner Usage Scenario	START	1716296168180
USER	Vets Usage Scenario	START	1716296168180
REQUEST		vets	1716296168179	1716296168181	KO	j.n.ConnectException: Connection refused
REQUEST		owners	1716296168179	1716296168181	KO	j.n.ConnectException: Connection refused
USER	Owner Usage Scenario	END	1716296168182
USER	Vets Usage Scenario	END	1716296168182
USER	Owner Usage Scenario	START	1716296168279
USER	Vets Usage Scenario	START	1716296168279
REQUEST		owners	1716296168279	1716296168279	KO	j.n.ConnectException: Connection refused
REQUEST		vets	1716296168279	1716296168279	KO	j.n.ConnectException: Connection refused
USER	Vets Usage Scenario	END	1716296168279
USER	Owner Usage Scenario	END	1716296168279
USER	Owner Usage Scenario	START	1716296168379
USER	Vets Usage Scenario	START	1716296168380
REQUEST		owners	1716296168379	1716296168380	KO	j.n.ConnectException: Connection refused
USER	Owner Usage Scenario	END	1716296168380
REQUEST		vets	1716296168380	1716296168380	KO	j.n.ConnectException: Connection refused
USER	Vets Usage Scenario	END	1716296168381
USER	Owner Usage Scenario	START	1716296168479
REQUEST		owners	1716296168478	1716296168480	KO	j.n.ConnectException: Connection refused
USER	Owner Usage Scenario	END	1716296168480
USER	Vets Usage Scenario	START	1716296168480
REQUEST		vets	1716296168480	1716296168481	KO	j.n.ConnectException: Connection refused
USER	Vets Usage Scenario	END	1716296168481
USER	Owner Usage Scenario	START	1716296168580
USER	Vets Usage Scenario	START	1716296168580
REQUEST		owners	1716296168579	1716296168581	KO	j.n.ConnectException: Connection refused
REQUEST		vets	1716296168579	1716296168581	KO	j.n.ConnectException: Connection refused
USER	Owner Usage Scenario	END	1716296168581
USER	Vets Usage Scenario	END	1716296168581
USER	Owner Usage Scenario	START	1716296168679
USER	Vets Usage Scenario	START	1716296168680
REQUEST		owners	1716296168679	1716296168680	KO	j.n.ConnectException: Connection refused
REQUEST		vets	1716296168680	1716296168680	KO	j.n.ConnectException: Connection refused
USER	Owner Usage Scenario	END	1716296168680
USER	Vets Usage Scenario	END	1716296168680
USER	Owner Usage Scenario	START	1716296168779
USER	Vets Usage Scenario	START	1716296168780
REQUEST		owners	1716296168779	1716296168780	KO	j.n.ConnectException: Connection refused
REQUEST		vets	1716296168779	1716296168780	KO	j.n.ConnectException: Connection refused
USER	Vets Usage Scenario	END	1716296168780
USER	Owner Usage Scenario	END	1716296168780
USER	Owner Usage Scenario	START	1716296168880
USER	Vets Usage Scenario	START	1716296168880
REQUEST		owners	1716296168879	1716296168880	KO	j.n.ConnectException: Connection refused
REQUEST		vets	1716296168879	1716296168880	KO	j.n.ConnectException: Connection refused
USER	Vets Usage Scenario	END	1716296168881
USER	Owner Usage Scenario	END	1716296168881
USER	Owner Usage Scenario	START	1716296168980
USER	Vets Usage Scenario	START	1716296168980
REQUEST		owners	1716296168979	1716296168980	KO	j.n.ConnectException: Connection refused
USER	Owner Usage Scenario	END	1716296168981
REQUEST		vets	1716296168980	1716296168981	KO	j.n.ConnectException: Connection refused
USER	Vets Usage Scenario	END	1716296168981
USER	Vets Usage Scenario	START	1716296169080
USER	Owner Usage Scenario	START	1716296169080
REQUEST		vets	1716296169079	1716296169080	KO	j.n.ConnectException: Connection refused
REQUEST		owners	1716296169079	1716296169080	KO	j.n.ConnectException: Connection refused
USER	Vets Usage Scenario	END	1716296169080
USER	Owner Usage Scenario	END	1716296169080
USER	Owner Usage Scenario	START	1716296169180
USER	Vets Usage Scenario	START	1716296169180
REQUEST		vets	1716296169179	1716296169181	KO	j.n.ConnectException: Connection refused
REQUEST		owners	1716296169179	1716296169181	KO	j.n.ConnectException: Connection refused
USER	Owner Usage Scenario	END	1716296169181
USER	Vets Usage Scenario	END	1716296169181
USER	Owner Usage Scenario	START	1716296169280
USER	Vets Usage Scenario	START	1716296169280
REQUEST		vets	1716296169279	1716296169281	KO	j.n.ConnectException: Connection refused
REQUEST		owners	1716296169279	1716296169281	KO	j.n.ConnectException: Connection refused
USER	Vets Usage Scenario	END	1716296169281
USER	Owner Usage Scenario	END	1716296169281
USER	Owner Usage Scenario	START	1716296169380
USER	Vets Usage Scenario	START	1716296169380
REQUEST		owners	1716296169379	1716296169381	KO	j.n.ConnectException: Connection refused
REQUEST		vets	1716296169379	1716296169381	KO	j.n.ConnectException: Connection refused
USER	Owner Usage Scenario	END	1716296169382
USER	Vets Usage Scenario	END	1716296169382
USER	Owner Usage Scenario	START	1716296169480
USER	Vets Usage Scenario	START	1716296169480
REQUEST		owners	1716296169479	1716296169481	KO	j.n.ConnectException: Connection refused
REQUEST		vets	1716296169479	1716296169481	KO	j.n.ConnectException: Connection refused
USER	Owner Usage Scenario	END	1716296169481
USER	Vets Usage Scenario	END	1716296169481
USER	Owner Usage Scenario	START	1716296169580
USER	Vets Usage Scenario	START	1716296169580
REQUEST		vets	1716296169579	1716296169581	KO	j.n.ConnectException: Connection refused
REQUEST		owners	1716296169580	1716296169581	KO	j.n.ConnectException: Connection refused
USER	Owner Usage Scenario	END	1716296169581
USER	Vets Usage Scenario	END	1716296169581
USER	Owner Usage Scenario	START	1716296169680
USER	Vets Usage Scenario	START	1716296169680
REQUEST		vets	1716296169679	1716296169681	KO	j.n.ConnectException: Connection refused
REQUEST		owners	1716296169679	1716296169681	KO	j.n.ConnectException: Connection refused
USER	Owner Usage Scenario	END	1716296169681
USER	Vets Usage Scenario	END	1716296169681
USER	Vets Usage Scenario	START	1716296169780
USER	Owner Usage Scenario	START	1716296169780
REQUEST		owners	1716296169779	1716296169780	KO	j.n.ConnectException: Connection refused
REQUEST		vets	1716296169779	1716296169780	KO	j.n.ConnectException: Connection refused
USER	Vets Usage Scenario	END	1716296169781
USER	Owner Usage Scenario	END	1716296169781
USER	Owner Usage Scenario	START	1716296169880
USER	Vets Usage Scenario	START	1716296169880
REQUEST		owners	1716296169879	1716296169881	KO	j.n.ConnectException: Connection refused
REQUEST		vets	1716296169879	1716296169881	KO	j.n.ConnectException: Connection refused
USER	Owner Usage Scenario	END	1716296169881
USER	Vets Usage Scenario	END	1716296169881
USER	Vets Usage Scenario	START	1716296169980
USER	Owner Usage Scenario	START	1716296169980
REQUEST		owners	1716296169980	1716296169981	KO	j.n.ConnectException: Connection refused
REQUEST		vets	1716296169980	1716296169982	KO	j.n.ConnectException: Connection refused
USER	Owner Usage Scenario	END	1716296169983
USER	Vets Usage Scenario	END	1716296169983
USER	Owner Usage Scenario	START	1716296170080
USER	Vets Usage Scenario	START	1716296170080
REQUEST		owners	1716296170080	1716296170082	KO	j.n.ConnectException: Connection refused
REQUEST		vets	1716296170080	1716296170082	KO	j.n.ConnectException: Connection refused
USER	Vets Usage Scenario	END	1716296170082
USER	Owner Usage Scenario	END	1716296170082
USER	Owner Usage Scenario	START	1716296170179
USER	Vets Usage Scenario	START	1716296170179
REQUEST		owners	1716296170179	1716296170180	KO	j.n.ConnectException: Connection refused
REQUEST		vets	1716296170179	1716296170180	KO	j.n.ConnectException: Connection refused
USER	Vets Usage Scenario	END	1716296170180
USER	Owner Usage Scenario	END	1716296170180
USER	Vets Usage Scenario	START	1716296170280
USER	Owner Usage Scenario	START	1716296170280
REQUEST		vets	1716296170279	1716296170280	KO	j.n.ConnectException: Connection refused
REQUEST		owners	1716296170279	1716296170280	KO	j.n.ConnectException: Connection refused
USER	Owner Usage Scenario	END	1716296170280
USER	Vets Usage Scenario	END	1716296170280
USER	Vets Usage Scenario	START	1716296170379
USER	Owner Usage Scenario	START	1716296170379
REQUEST		owners	1716296170379	1716296170380	KO	j.n.ConnectException: Connection refused
REQUEST		vets	1716296170379	1716296170380	KO	j.n.ConnectException: Connection refused
USER	Vets Usage Scenario	END	1716296170380
USER	Owner Usage Scenario	END	1716296170381
USER	Owner Usage Scenario	START	1716296170479
USER	Vets Usage Scenario	START	1716296170479
REQUEST		owners	1716296170478	1716296170480	KO	j.n.ConnectException: Connection refused
REQUEST		vets	1716296170479	1716296170480	KO	j.n.ConnectException: Connection refused
USER	Owner Usage Scenario	END	1716296170480
USER	Vets Usage Scenario	END	1716296170480
USER	Owner Usage Scenario	START	1716296170579
USER	Vets Usage Scenario	START	1716296170579
REQUEST		vets	1716296170579	1716296170580	KO	j.n.ConnectException: Connection refused
REQUEST		owners	1716296170579	1716296170580	KO	j.n.ConnectException: Connection refused
USER	Owner Usage Scenario	END	1716296170580
USER	Vets Usage Scenario	END	1716296170580
USER	Vets Usage Scenario	START	1716296170681
USER	Owner Usage Scenario	START	1716296170681
REQUEST		vets	1716296170680	1716296170682	KO	j.n.ConnectException: Connection refused
REQUEST		owners	1716296170680	1716296170682	KO	j.n.ConnectException: Connection refused
USER	Vets Usage Scenario	END	1716296170682
USER	Owner Usage Scenario	END	1716296170682
USER	Vets Usage Scenario	START	1716296170780
USER	Owner Usage Scenario	START	1716296170780
REQUEST		vets	1716296170780	1716296170781	KO	j.n.ConnectException: Connection refused
REQUEST		owners	1716296170780	1716296170781	KO	j.n.ConnectException: Connection refused
USER	Owner Usage Scenario	END	1716296170782
USER	Vets Usage Scenario	END	1716296170782
USER	Owner Usage Scenario	START	1716296170881
USER	Vets Usage Scenario	START	1716296170881
REQUEST		vets	1716296170881	1716296170882	KO	j.n.ConnectException: Connection refused
REQUEST		owners	1716296170880	1716296170882	KO	j.n.ConnectException: Connection refused
USER	Owner Usage Scenario	END	1716296170882
USER	Vets Usage Scenario	END	1716296170882
USER	Vets Usage Scenario	START	1716296170980
USER	Owner Usage Scenario	START	1716296170980
REQUEST		owners	1716296170980	1716296170980	KO	j.n.ConnectException: Connection refused
REQUEST		vets	1716296170980	1716296170980	KO	j.n.ConnectException: Connection refused
USER	Vets Usage Scenario	END	1716296170981
USER	Owner Usage Scenario	END	1716296170981
USER	Owner Usage Scenario	START	1716296171078
REQUEST		owners	1716296171077	1716296171078	KO	j.n.ConnectException: Connection refused
USER	Owner Usage Scenario	END	1716296171078
USER	Vets Usage Scenario	START	1716296171079
REQUEST		vets	1716296171078	1716296171079	KO	j.n.ConnectException: Connection refused
USER	Vets Usage Scenario	END	1716296171079
USER	Vets Usage Scenario	START	1716296171180
USER	Owner Usage Scenario	START	1716296171180
REQUEST		vets	1716296171179	1716296171181	KO	j.n.ConnectException: Connection refused
REQUEST		owners	1716296171179	1716296171181	KO	j.n.ConnectException: Connection refused
USER	Owner Usage Scenario	END	1716296171182
USER	Vets Usage Scenario	END	1716296171182
USER	Owner Usage Scenario	START	1716296171280
USER	Vets Usage Scenario	START	1716296171280
REQUEST		vets	1716296171279	1716296171281	KO	j.n.ConnectException: Connection refused
REQUEST		owners	1716296171279	1716296171281	KO	j.n.ConnectException: Connection refused
USER	Vets Usage Scenario	END	1716296171282
USER	Owner Usage Scenario	END	1716296171282
USER	Vets Usage Scenario	START	1716296171379
USER	Owner Usage Scenario	START	1716296171379
REQUEST		owners	1716296171378	1716296171380	KO	j.n.ConnectException: Connection refused
REQUEST		vets	1716296171378	1716296171380	KO	j.n.ConnectException: Connection refused
USER	Owner Usage Scenario	END	1716296171381
USER	Vets Usage Scenario	END	1716296171381
USER	Vets Usage Scenario	START	1716296171479
USER	Owner Usage Scenario	START	1716296171479
REQUEST		vets	1716296171479	1716296171480	KO	j.n.ConnectException: Connection refused
REQUEST		owners	1716296171479	1716296171480	KO	j.n.ConnectException: Connection refused
USER	Vets Usage Scenario	END	1716296171481
USER	Owner Usage Scenario	END	1716296171481
USER	Owner Usage Scenario	START	1716296171580
USER	Vets Usage Scenario	START	1716296171580
REQUEST		owners	1716296171579	1716296171581	KO	j.n.ConnectException: Connection refused
REQUEST		vets	1716296171579	1716296171581	KO	j.n.ConnectException: Connection refused
USER	Owner Usage Scenario	END	1716296171581
USER	Vets Usage Scenario	END	1716296171581
USER	Owner Usage Scenario	START	1716296171680
USER	Vets Usage Scenario	START	1716296171680
REQUEST		vets	1716296171679	1716296171681	KO	j.n.ConnectException: Connection refused
REQUEST		owners	1716296171679	1716296171681	KO	j.n.ConnectException: Connection refused
USER	Vets Usage Scenario	END	1716296171682
USER	Owner Usage Scenario	END	1716296171682
USER	Owner Usage Scenario	START	1716296171780
USER	Vets Usage Scenario	START	1716296171780
REQUEST		owners	1716296171779	1716296171781	KO	j.n.ConnectException: Connection refused
REQUEST		vets	1716296171780	1716296171781	KO	j.n.ConnectException: Connection refused
USER	Owner Usage Scenario	END	1716296171781
USER	Vets Usage Scenario	END	1716296171781
USER	Vets Usage Scenario	START	1716296171880
USER	Owner Usage Scenario	START	1716296171880
REQUEST		owners	1716296171879	1716296171881	KO	j.n.ConnectException: Connection refused
REQUEST		vets	1716296171879	1716296171881	KO	j.n.ConnectException: Connection refused
USER	Owner Usage Scenario	END	1716296171881
USER	Vets Usage Scenario	END	1716296171881
USER	Owner Usage Scenario	START	1716296171979
USER	Vets Usage Scenario	START	1716296171980
REQUEST		owners	1716296171978	1716296171980	KO	j.n.ConnectException: Connection refused
USER	Owner Usage Scenario	END	1716296171980
REQUEST		vets	1716296171979	1716296171980	KO	j.n.ConnectException: Connection refused
USER	Vets Usage Scenario	END	1716296171981
USER	Vets Usage Scenario	START	1716296172080
USER	Owner Usage Scenario	START	1716296172080
REQUEST		owners	1716296172079	1716296172081	KO	j.n.ConnectException: Connection refused
REQUEST		vets	1716296172079	1716296172081	KO	j.n.ConnectException: Connection refused
USER	Vets Usage Scenario	END	1716296172081
USER	Owner Usage Scenario	END	1716296172081
USER	Owner Usage Scenario	START	1716296172179
REQUEST		owners	1716296172178	1716296172180	KO	j.n.ConnectException: Connection refused
USER	Vets Usage Scenario	START	1716296172181
USER	Owner Usage Scenario	END	1716296172181
REQUEST		vets	1716296172180	1716296172182	KO	j.n.ConnectException: Connection refused
USER	Vets Usage Scenario	END	1716296172182
USER	Vets Usage Scenario	START	1716296172280
USER	Owner Usage Scenario	START	1716296172280
REQUEST		vets	1716296172279	1716296172281	KO	j.n.ConnectException: Connection refused
REQUEST		owners	1716296172280	1716296172281	KO	j.n.ConnectException: Connection refused
USER	Owner Usage Scenario	END	1716296172281
USER	Vets Usage Scenario	END	1716296172281
USER	Owner Usage Scenario	START	1716296172380
USER	Vets Usage Scenario	START	1716296172380
REQUEST		vets	1716296172380	1716296172381	KO	j.n.ConnectException: Connection refused
REQUEST		owners	1716296172379	1716296172381	KO	j.n.ConnectException: Connection refused
USER	Owner Usage Scenario	END	1716296172381
USER	Vets Usage Scenario	END	1716296172381
USER	Owner Usage Scenario	START	1716296172480
USER	Vets Usage Scenario	START	1716296172480
REQUEST		owners	1716296172479	1716296172481	KO	j.n.ConnectException: Connection refused
REQUEST		vets	1716296172480	1716296172481	KO	j.n.ConnectException: Connection refused
USER	Owner Usage Scenario	END	1716296172481
USER	Vets Usage Scenario	END	1716296172481
USER	Owner Usage Scenario	START	1716296172579
REQUEST		owners	1716296172579	1716296172580	KO	j.n.ConnectException: Connection refused
USER	Vets Usage Scenario	START	1716296172580
USER	Owner Usage Scenario	END	1716296172580
REQUEST		vets	1716296172580	1716296172580	KO	j.n.ConnectException: Connection refused
USER	Vets Usage Scenario	END	1716296172581
USER	Owner Usage Scenario	START	1716296172680
USER	Vets Usage Scenario	START	1716296172680
REQUEST		owners	1716296172679	1716296172681	KO	j.n.ConnectException: Connection refused
REQUEST		vets	1716296172680	1716296172681	KO	j.n.ConnectException: Connection refused
USER	Vets Usage Scenario	END	1716296172681
USER	Owner Usage Scenario	END	1716296172681
USER	Owner Usage Scenario	START	1716296172780
USER	Vets Usage Scenario	START	1716296172780
REQUEST		owners	1716296172779	1716296172781	KO	j.n.ConnectException: Connection refused
REQUEST		vets	1716296172779	1716296172781	KO	j.n.ConnectException: Connection refused
USER	Owner Usage Scenario	END	1716296172781
USER	Vets Usage Scenario	END	1716296172781
USER	Vets Usage Scenario	START	1716296172880
USER	Owner Usage Scenario	START	1716296172880
REQUEST		owners	1716296172880	1716296172882	KO	j.n.ConnectException: Connection refused
REQUEST		vets	1716296172880	1716296172882	KO	j.n.ConnectException: Connection refused
USER	Owner Usage Scenario	END	1716296172882
USER	Vets Usage Scenario	END	1716296172882
USER	Owner Usage Scenario	START	1716296172980
USER	Vets Usage Scenario	START	1716296172980
REQUEST		vets	1716296172980	1716296172981	KO	j.n.ConnectException: Connection refused
REQUEST		owners	1716296172979	1716296172981	KO	j.n.ConnectException: Connection refused
USER	Vets Usage Scenario	END	1716296172981
USER	Owner Usage Scenario	END	1716296172981
USER	Owner Usage Scenario	START	1716296173079
USER	Vets Usage Scenario	START	1716296173079
REQUEST		owners	1716296173079	1716296173081	KO	j.n.ConnectException: Connection refused
REQUEST		vets	1716296173079	1716296173081	KO	j.n.ConnectException: Connection refused
USER	Owner Usage Scenario	END	1716296173081
USER	Vets Usage Scenario	END	1716296173081
USER	Owner Usage Scenario	START	1716296173179
USER	Vets Usage Scenario	START	1716296173179
REQUEST		vets	1716296173179	1716296173180	KO	j.n.ConnectException: Connection refused
REQUEST		owners	1716296173179	1716296173180	KO	j.n.ConnectException: Connection refused
USER	Vets Usage Scenario	END	1716296173180
USER	Owner Usage Scenario	END	1716296173180
USER	Owner Usage Scenario	START	1716296173279
USER	Vets Usage Scenario	START	1716296173279
REQUEST		owners	1716296173279	1716296173280	KO	j.n.ConnectException: Connection refused
REQUEST		vets	1716296173279	1716296173280	KO	j.n.ConnectException: Connection refused
USER	Vets Usage Scenario	END	1716296173281
USER	Owner Usage Scenario	END	1716296173281
USER	Vets Usage Scenario	START	1716296173379
USER	Owner Usage Scenario	START	1716296173379
REQUEST		owners	1716296173379	1716296173380	KO	j.n.ConnectException: Connection refused
REQUEST		vets	1716296173379	1716296173380	KO	j.n.ConnectException: Connection refused
USER	Vets Usage Scenario	END	1716296173380
USER	Owner Usage Scenario	END	1716296173380
USER	Owner Usage Scenario	START	1716296173480
USER	Vets Usage Scenario	START	1716296173480
REQUEST		vets	1716296173479	1716296173481	KO	j.n.ConnectException: Connection refused
REQUEST		owners	1716296173479	1716296173481	KO	j.n.ConnectException: Connection refused
USER	Vets Usage Scenario	END	1716296173481
USER	Owner Usage Scenario	END	1716296173481
USER	Vets Usage Scenario	START	1716296173580
USER	Owner Usage Scenario	START	1716296173580
REQUEST		owners	1716296173580	1716296173581	KO	j.n.ConnectException: Connection refused
REQUEST		vets	1716296173579	1716296173581	KO	j.n.ConnectException: Connection refused
USER	Vets Usage Scenario	END	1716296173581
USER	Owner Usage Scenario	END	1716296173581
USER	Vets Usage Scenario	START	1716296173679
USER	Owner Usage Scenario	START	1716296173679
REQUEST		vets	1716296173678	1716296173680	KO	j.n.ConnectException: Connection refused
USER	Vets Usage Scenario	END	1716296173680
REQUEST		owners	1716296173679	1716296173680	KO	j.n.ConnectException: Connection refused
USER	Owner Usage Scenario	END	1716296173680
USER	Vets Usage Scenario	START	1716296173779
USER	Owner Usage Scenario	START	1716296173780
REQUEST		vets	1716296173779	1716296173781	KO	j.n.ConnectException: Connection refused
REQUEST		owners	1716296173780	1716296173781	KO	j.n.ConnectException: Connection refused
USER	Vets Usage Scenario	END	1716296173781
USER	Owner Usage Scenario	END	1716296173781
USER	Vets Usage Scenario	START	1716296173878
USER	Owner Usage Scenario	START	1716296173879
REQUEST		vets	1716296173878	1716296173880	KO	j.n.ConnectException: Connection refused
USER	Vets Usage Scenario	END	1716296173880
REQUEST		owners	1716296173879	1716296173880	KO	j.n.ConnectException: Connection refused
USER	Owner Usage Scenario	END	1716296173880
USER	Vets Usage Scenario	START	1716296173979
USER	Owner Usage Scenario	START	1716296173979
REQUEST		vets	1716296173979	1716296173980	KO	j.n.ConnectException: Connection refused
REQUEST		owners	1716296173979	1716296173980	KO	j.n.ConnectException: Connection refused
USER	Owner Usage Scenario	END	1716296173981
USER	Vets Usage Scenario	END	1716296173981
USER	Owner Usage Scenario	START	1716296174079
USER	Vets Usage Scenario	START	1716296174080
REQUEST		owners	1716296174079	1716296174080	KO	j.n.ConnectException: Connection refused
USER	Owner Usage Scenario	END	1716296174080
REQUEST		vets	1716296174080	1716296174081	KO	j.n.ConnectException: Connection refused
USER	Vets Usage Scenario	END	1716296174081
USER	Owner Usage Scenario	START	1716296174179
USER	Vets Usage Scenario	START	1716296174179
REQUEST		vets	1716296174179	1716296174180	KO	j.n.ConnectException: Connection refused
REQUEST		owners	1716296174179	1716296174180	KO	j.n.ConnectException: Connection refused
USER	Owner Usage Scenario	END	1716296174181
USER	Vets Usage Scenario	END	1716296174181
USER	Owner Usage Scenario	START	1716296174279
USER	Vets Usage Scenario	START	1716296174280
REQUEST		owners	1716296174279	1716296174280	KO	j.n.ConnectException: Connection refused
USER	Owner Usage Scenario	END	1716296174281
REQUEST		vets	1716296174280	1716296174281	KO	j.n.ConnectException: Connection refused
USER	Vets Usage Scenario	END	1716296174281
USER	Owner Usage Scenario	START	1716296174379
USER	Vets Usage Scenario	START	1716296174380
REQUEST		owners	1716296174379	1716296174380	KO	j.n.ConnectException: Connection refused
USER	Owner Usage Scenario	END	1716296174380
REQUEST		vets	1716296174380	1716296174381	KO	j.n.ConnectException: Connection refused
USER	Vets Usage Scenario	END	1716296174381
USER	Owner Usage Scenario	START	1716296174479
USER	Vets Usage Scenario	START	1716296174480
REQUEST		vets	1716296174479	1716296174480	KO	j.n.ConnectException: Connection refused
REQUEST		owners	1716296174479	1716296174480	KO	j.n.ConnectException: Connection refused
USER	Owner Usage Scenario	END	1716296174480
USER	Vets Usage Scenario	END	1716296174480
USER	Vets Usage Scenario	START	1716296174580
USER	Owner Usage Scenario	START	1716296174580
REQUEST		vets	1716296174579	1716296174581	KO	j.n.ConnectException: Connection refused
REQUEST		owners	1716296174579	1716296174581	KO	j.n.ConnectException: Connection refused
USER	Vets Usage Scenario	END	1716296174581
USER	Owner Usage Scenario	END	1716296174581
USER	Owner Usage Scenario	START	1716296174680
USER	Vets Usage Scenario	START	1716296174680
REQUEST		owners	1716296174679	1716296174681	KO	j.n.ConnectException: Connection refused
REQUEST		vets	1716296174680	1716296174681	KO	j.n.ConnectException: Connection refused
USER	Owner Usage Scenario	END	1716296174681
USER	Vets Usage Scenario	END	1716296174681
USER	Owner Usage Scenario	START	1716296174778
REQUEST		owners	1716296174778	1716296174779	KO	j.n.ConnectException: Connection refused
USER	Owner Usage Scenario	END	1716296174779
USER	Vets Usage Scenario	START	1716296174779
REQUEST		vets	1716296174779	1716296174780	KO	j.n.ConnectException: Connection refused
USER	Vets Usage Scenario	END	1716296174780
USER	Vets Usage Scenario	START	1716296174880
USER	Owner Usage Scenario	START	1716296174880
REQUEST		owners	1716296174879	1716296174881	KO	j.n.ConnectException: Connection refused
REQUEST		vets	1716296174879	1716296174881	KO	j.n.ConnectException: Connection refused
USER	Owner Usage Scenario	END	1716296174881
USER	Vets Usage Scenario	END	1716296174881
USER	Owner Usage Scenario	START	1716296174979
USER	Vets Usage Scenario	START	1716296174979
REQUEST		vets	1716296174979	1716296174980	KO	j.n.ConnectException: Connection refused
REQUEST		owners	1716296174979	1716296174980	KO	j.n.ConnectException: Connection refused
USER	Vets Usage Scenario	END	1716296174981
USER	Owner Usage Scenario	END	1716296174981
USER	Vets Usage Scenario	START	1716296175078
USER	Owner Usage Scenario	START	1716296175079
REQUEST		vets	1716296175078	1716296175080	KO	j.n.ConnectException: Connection refused
USER	Vets Usage Scenario	END	1716296175080
REQUEST		owners	1716296175079	1716296175080	KO	j.n.ConnectException: Connection refused
USER	Owner Usage Scenario	END	1716296175080
USER	Vets Usage Scenario	START	1716296175179
USER	Owner Usage Scenario	START	1716296175179
REQUEST		vets	1716296175178	1716296175180	KO	j.n.ConnectException: Connection refused
USER	Vets Usage Scenario	END	1716296175180
REQUEST		owners	1716296175179	1716296175180	KO	j.n.ConnectException: Connection refused
USER	Owner Usage Scenario	END	1716296175180
USER	Owner Usage Scenario	START	1716296175279
USER	Vets Usage Scenario	START	1716296175279
REQUEST		vets	1716296175278	1716296175280	KO	j.n.ConnectException: Connection refused
REQUEST		owners	1716296175278	1716296175280	KO	j.n.ConnectException: Connection refused
USER	Vets Usage Scenario	END	1716296175280
USER	Owner Usage Scenario	END	1716296175281
USER	Vets Usage Scenario	START	1716296175379
REQUEST		vets	1716296175378	1716296175379	KO	j.n.ConnectException: Connection refused
USER	Vets Usage Scenario	END	1716296175379
USER	Owner Usage Scenario	START	1716296175379
REQUEST		owners	1716296175379	1716296175380	KO	j.n.ConnectException: Connection refused
USER	Owner Usage Scenario	END	1716296175380
USER	Vets Usage Scenario	START	1716296175479
USER	Owner Usage Scenario	START	1716296175479
REQUEST		owners	1716296175479	1716296175479	KO	j.n.ConnectException: Connection refused
REQUEST		vets	1716296175478	1716296175479	KO	j.n.ConnectException: Connection refused
USER	Owner Usage Scenario	END	1716296175479
USER	Vets Usage Scenario	END	1716296175479
USER	Owner Usage Scenario	START	1716296175579
USER	Vets Usage Scenario	START	1716296175579
REQUEST		vets	1716296175578	1716296175579	KO	j.n.ConnectException: Connection refused
REQUEST		owners	1716296175578	1716296175579	KO	j.n.ConnectException: Connection refused
USER	Vets Usage Scenario	END	1716296175580
USER	Owner Usage Scenario	END	1716296175580
USER	Vets Usage Scenario	START	1716296175679
USER	Owner Usage Scenario	START	1716296175679
REQUEST		vets	1716296175679	1716296175680	KO	j.n.ConnectException: Connection refused
REQUEST		owners	1716296175679	1716296175680	KO	j.n.ConnectException: Connection refused
USER	Owner Usage Scenario	END	1716296175680
USER	Vets Usage Scenario	END	1716296175680
USER	Vets Usage Scenario	START	1716296175779
USER	Owner Usage Scenario	START	1716296175779
REQUEST		vets	1716296175778	1716296175779	KO	j.n.ConnectException: Connection refused
USER	Vets Usage Scenario	END	1716296175779
REQUEST		owners	1716296175779	1716296175779	KO	j.n.ConnectException: Connection refused
USER	Owner Usage Scenario	END	1716296175779
USER	Owner Usage Scenario	START	1716296175879
USER	Vets Usage Scenario	START	1716296175879
REQUEST		vets	1716296175879	1716296175880	KO	j.n.ConnectException: Connection refused
REQUEST		owners	1716296175879	1716296175880	KO	j.n.ConnectException: Connection refused
USER	Vets Usage Scenario	END	1716296175880
USER	Owner Usage Scenario	END	1716296175880
USER	Owner Usage Scenario	START	1716296175979
USER	Vets Usage Scenario	START	1716296175979
REQUEST		vets	1716296175978	1716296175979	KO	j.n.ConnectException: Connection refused
REQUEST		owners	1716296175979	1716296175980	KO	j.n.ConnectException: Connection refused
USER	Vets Usage Scenario	END	1716296175980
USER	Owner Usage Scenario	END	1716296175980
USER	Owner Usage Scenario	START	1716296176079
USER	Vets Usage Scenario	START	1716296176079
REQUEST		owners	1716296176079	1716296176079	KO	j.n.ConnectException: Connection refused
REQUEST		vets	1716296176079	1716296176079	KO	j.n.ConnectException: Connection refused
USER	Vets Usage Scenario	END	1716296176080
USER	Owner Usage Scenario	END	1716296176080
USER	Owner Usage Scenario	START	1716296176179
USER	Vets Usage Scenario	START	1716296176179
REQUEST		owners	1716296176179	1716296176180	KO	j.n.ConnectException: Connection refused
REQUEST		vets	1716296176179	1716296176180	KO	j.n.ConnectException: Connection refused
USER	Owner Usage Scenario	END	1716296176180
USER	Vets Usage Scenario	END	1716296176181
USER	Owner Usage Scenario	START	1716296176280
USER	Vets Usage Scenario	START	1716296176280
REQUEST		owners	1716296176279	1716296176280	KO	j.n.ConnectException: Connection refused
REQUEST		vets	1716296176279	1716296176280	KO	j.n.ConnectException: Connection refused
USER	Vets Usage Scenario	END	1716296176281
USER	Owner Usage Scenario	END	1716296176281
USER	Owner Usage Scenario	START	1716296176379
USER	Vets Usage Scenario	START	1716296176379
REQUEST		owners	1716296176378	1716296176379	KO	j.n.ConnectException: Connection refused
USER	Owner Usage Scenario	END	1716296176380
REQUEST		vets	1716296176379	1716296176380	KO	j.n.ConnectException: Connection refused
USER	Vets Usage Scenario	END	1716296176380
USER	Owner Usage Scenario	START	1716296176479
USER	Vets Usage Scenario	START	1716296176479
REQUEST		vets	1716296176479	1716296176481	KO	j.n.ConnectException: Connection refused
REQUEST		owners	1716296176479	1716296176481	KO	j.n.ConnectException: Connection refused
USER	Owner Usage Scenario	END	1716296176481
USER	Vets Usage Scenario	END	1716296176481
USER	Vets Usage Scenario	START	1716296176579
USER	Owner Usage Scenario	START	1716296176579
REQUEST		vets	1716296176579	1716296176580	KO	j.n.ConnectException: Connection refused
REQUEST		owners	1716296176579	1716296176580	KO	j.n.ConnectException: Connection refused
USER	Vets Usage Scenario	END	1716296176580
USER	Owner Usage Scenario	END	1716296176580
USER	Owner Usage Scenario	START	1716296176680
USER	Vets Usage Scenario	START	1716296176680
REQUEST		vets	1716296176680	1716296176681	KO	j.n.ConnectException: Connection refused
REQUEST		owners	1716296176679	1716296176681	KO	j.n.ConnectException: Connection refused
USER	Owner Usage Scenario	END	1716296176681
USER	Vets Usage Scenario	END	1716296176681
USER	Vets Usage Scenario	START	1716296176780
USER	Owner Usage Scenario	START	1716296176780
REQUEST		owners	1716296176779	1716296176781	KO	j.n.ConnectException: Connection refused
USER	Owner Usage Scenario	END	1716296176781
REQUEST		vets	1716296176779	1716296176781	KO	j.n.ConnectException: Connection refused
USER	Vets Usage Scenario	END	1716296176786
USER	Vets Usage Scenario	START	1716296176880
USER	Owner Usage Scenario	START	1716296176880
REQUEST		vets	1716296176880	1716296176881	KO	j.n.ConnectException: Connection refused
REQUEST		owners	1716296176879	1716296176881	KO	j.n.ConnectException: Connection refused
USER	Owner Usage Scenario	END	1716296176881
USER	Vets Usage Scenario	END	1716296176883
