RUN	org.springframework.samples.petclinic.gatling.simulations.VetsCustomers	vetscustomers	1716297758411	 	3.10.5
USER	Vets Usage Scenario	START	1716297758684
USER	Owner Usage Scenario	START	1716297758688
REQUEST		vets	1716297758683	1716297758694	KO	j.n.ConnectException: Connection refused
REQUEST		owners	1716297758686	1716297758694	KO	j.n.ConnectException: Connection refused
USER	Vets Usage Scenario	END	1716297758700
USER	Owner Usage Scenario	END	1716297758700
USER	Owner Usage Scenario	START	1716297758784
USER	Vets Usage Scenario	START	1716297758785
REQUEST		owners	1716297758783	1716297758786	KO	j.n.ConnectException: Connection refused
USER	Owner Usage Scenario	END	1716297758787
REQUEST		vets	1716297758784	1716297758787	KO	j.n.ConnectException: Connection refused
USER	Vets Usage Scenario	END	1716297758788
USER	Owner Usage Scenario	START	1716297758885
USER	Vets Usage Scenario	START	1716297758885
REQUEST		owners	1716297758884	1716297758887	KO	j.n.ConnectException: Connection refused
REQUEST		vets	1716297758885	1716297758887	KO	j.n.ConnectException: Connection refused
USER	Vets Usage Scenario	END	1716297758888
USER	Owner Usage Scenario	END	1716297758888
USER	Owner Usage Scenario	START	1716297758988
USER	Vets Usage Scenario	START	1716297758988
REQUEST		owners	1716297758987	1716297758990	KO	j.n.ConnectException: Connection refused
USER	Owner Usage Scenario	END	1716297758992
REQUEST		vets	1716297758987	1716297758992	KO	j.n.ConnectException: Connection refused
USER	Vets Usage Scenario	END	1716297758994
USER	Vets Usage Scenario	START	1716297759085
USER	Owner Usage Scenario	START	1716297759085
REQUEST		vets	1716297759084	1716297759087	KO	j.n.ConnectException: Connection refused
REQUEST		owners	1716297759084	1716297759087	KO	j.n.ConnectException: Connection refused
USER	Vets Usage Scenario	END	1716297759088
USER	Owner Usage Scenario	END	1716297759088
USER	Owner Usage Scenario	START	1716297759184
USER	Vets Usage Scenario	START	1716297759185
REQUEST		owners	1716297759183	1716297759186	KO	j.n.ConnectException: Connection refused
USER	Owner Usage Scenario	END	1716297759187
REQUEST		vets	1716297759185	1716297759187	KO	j.n.ConnectException: Connection refused
USER	Vets Usage Scenario	END	1716297759187
USER	Owner Usage Scenario	START	1716297759285
USER	Vets Usage Scenario	START	1716297759285
REQUEST		vets	1716297759285	1716297759287	KO	j.n.ConnectException: Connection refused
REQUEST		owners	1716297759284	1716297759287	KO	j.n.ConnectException: Connection refused
USER	Vets Usage Scenario	END	1716297759288
USER	Owner Usage Scenario	END	1716297759288
USER	Owner Usage Scenario	START	1716297759386
USER	Vets Usage Scenario	START	1716297759387
REQUEST		owners	1716297759385	1716297759388	KO	j.n.ConnectException: Connection refused
REQUEST		vets	1716297759385	1716297759388	KO	j.n.ConnectException: Connection refused
USER	Vets Usage Scenario	END	1716297759389
USER	Owner Usage Scenario	END	1716297759389
USER	Owner Usage Scenario	START	1716297759484
USER	Vets Usage Scenario	START	1716297759487
REQUEST		owners	1716297759483	1716297759487	KO	j.n.ConnectException: Connection refused
USER	Owner Usage Scenario	END	1716297759488
REQUEST		vets	1716297759486	1716297759490	KO	j.n.ConnectException: Connection refused
USER	Vets Usage Scenario	END	1716297759491
USER	Owner Usage Scenario	START	1716297759585
REQUEST		owners	1716297759584	1716297759586	KO	j.n.ConnectException: Connection refused
USER	Vets Usage Scenario	START	1716297759586
USER	Owner Usage Scenario	END	1716297759587
REQUEST		vets	1716297759586	1716297759588	KO	j.n.ConnectException: Connection refused
USER	Vets Usage Scenario	END	1716297759589
